<?xml version="1.0" encoding="UTF-8"?>
<!-- Generated by org.testng.reporters.JUnitXMLReporter -->
<testsuite ignored="0" hostname="LAPTOP-K9HMHCLU" failures="0" tests="5" name="Default test" time="18.335" errors="0" timestamp="2022-06-10T17:36:04 IST">
  <testcase classname="DataProvider.DataProvioder2" name="login" time="2.173"/>
  <testcase classname="DataProvider.DataProvioder2" name="login" time="2.15"/>
  <testcase classname="DataProvider.DataProvioder2" name="login" time="2.152"/>
  <testcase classname="DataProvider.DataProvioder2" name="login" time="2.299"/>
  <testcase classname="DataProvider.DataProvioder2" name="login" time="2.148"/>
</testsuite> <!-- Default test -->
