<?xml version="1.0" encoding="UTF-8"?>
<testng-results ignored="0" total="1" passed="1" failed="0" skipped="0">
  <reporter-output>
  </reporter-output>
  <suite started-at="2022-06-28T11:55:51 IST" name="Default suite" finished-at="2022-06-28T11:55:54 IST" duration-ms="3599">
    <groups>
    </groups>
    <test started-at="2022-06-28T11:55:51 IST" name="Default test" finished-at="2022-06-28T11:55:54 IST" duration-ms="3599">
      <class name="ReadDataJSONFile.ReadDataJSONFile">
        <test-method is-config="true" signature="setUp()[pri:0, instance:ReadDataJSONFile.ReadDataJSONFile@1e04fa0a]" started-at="2022-06-28T11:55:51 IST" name="setUp" finished-at="2022-06-28T11:55:54 IST" duration-ms="3191" status="PASS">
          <reporter-output>
          </reporter-output>
        </test-method> <!-- setUp -->
        <test-method signature="ActitimeValidLogin()[pri:0, instance:ReadDataJSONFile.ReadDataJSONFile@1e04fa0a]" started-at="2022-06-28T11:55:54 IST" name="ActitimeValidLogin" finished-at="2022-06-28T11:55:54 IST" duration-ms="180" status="PASS">
          <reporter-output>
          </reporter-output>
        </test-method> <!-- ActitimeValidLogin -->
        <test-method is-config="true" signature="tearDown()[pri:0, instance:ReadDataJSONFile.ReadDataJSONFile@1e04fa0a]" started-at="2022-06-28T11:55:54 IST" name="tearDown" finished-at="2022-06-28T11:55:54 IST" duration-ms="184" status="PASS">
          <reporter-output>
          </reporter-output>
        </test-method> <!-- tearDown -->
      </class> <!-- ReadDataJSONFile.ReadDataJSONFile -->
    </test> <!-- Default test -->
  </suite> <!-- Default suite -->
</testng-results>
