<?xml version="1.0" encoding="UTF-8"?>
<!-- Generated by org.testng.reporters.JUnitReportReporter -->
<testsuite hostname="LAPTOP-K9HMHCLU" failures="0" tests="1000" name="testngflag.InvocationCountFlag" time="0.549" errors="0" timestamp="2022-06-07T21:14:25 IST" skipped="0">
  <testcase classname="testngflag.InvocationCountFlag" name="f" time="0.000"/>
  <system-out>
    <![CDATA[f]]>
  </system-out>
  <testcase classname="testngflag.InvocationCountFlag" name="f" time="0.000"/>
  <system-out>
    <![CDATA[f]]>
  </system-out>
  <testcase classname="testngflag.InvocationCountFlag" name="f" time="0.001"/>
  <system-out>
    <![CDATA[f]]>
  </system-out>
  <testcase classname="testngflag.InvocationCountFlag" name="f" time="0.000"/>
  <system-out>
    <![CDATA[f]]>
  </system-out>
  <testcase classname="testngflag.InvocationCountFlag" name="f" time="0.000"/>
  <system-out>
    <![CDATA[f]]>
  </system-out>
  <testcase classname="testngflag.InvocationCountFlag" name="f" time="0.000"/>
  <system-out>
    <![CDATA[f]]>
  </system-out>
  <testcase classname="testngflag.InvocationCountFlag" name="f" time="0.000"/>
  <system-out>
    <![CDATA[f]]>
  </system-out>
  <testcase classname="testngflag.InvocationCountFlag" name="f" time="0.000"/>
  <system-out>
    <![CDATA[f]]>
  </system-out>
  <testcase classname="testngflag.InvocationCountFlag" name="f" time="0.001"/>
  <system-out>
    <![CDATA[f]]>
  </system-out>
  <testcase classname="testngflag.InvocationCountFlag" name="f" time="0.001"/>
  <system-out>
    <![CDATA[f]]>
  </system-out>
  <testcase classname="testngflag.InvocationCountFlag" name="f" time="0.001"/>
  <system-out>
    <![CDATA[f]]>
  </system-out>
  <testcase classname="testngflag.InvocationCountFlag" name="f" time="0.000"/>
  <system-out>
    <![CDATA[f]]>
  </system-out>
  <testcase classname="testngflag.InvocationCountFlag" name="f" time="0.001"/>
  <system-out>
    <![CDATA[f]]>
  </system-out>
  <testcase classname="testngflag.InvocationCountFlag" name="f" time="0.002"/>
  <system-out>
    <![CDATA[f]]>
  </system-out>
  <testcase classname="testngflag.InvocationCountFlag" name="f" time="0.000"/>
  <system-out>
    <![CDATA[f]]>
  </system-out>
  <testcase classname="testngflag.InvocationCountFlag" name="f" time="0.001"/>
  <system-out>
    <![CDATA[f]]>
  </system-out>
  <testcase classname="testngflag.InvocationCountFlag" name="f" time="0.000"/>
  <system-out>
    <![CDATA[f]]>
  </system-out>
  <testcase classname="testngflag.InvocationCountFlag" name="f" time="0.000"/>
  <system-out>
    <![CDATA[f]]>
  </system-out>
  <testcase classname="testngflag.InvocationCountFlag" name="f" time="0.000"/>
  <system-out>
    <![CDATA[f]]>
  </system-out>
  <testcase classname="testngflag.InvocationCountFlag" name="f" time="0.002"/>
  <system-out>
    <![CDATA[f]]>
  </system-out>
  <testcase classname="testngflag.InvocationCountFlag" name="f" time="0.000"/>
  <system-out>
    <![CDATA[f]]>
  </system-out>
  <testcase classname="testngflag.InvocationCountFlag" name="f" time="0.001"/>
  <system-out>
    <![CDATA[f]]>
  </system-out>
  <testcase classname="testngflag.InvocationCountFlag" name="f" time="0.000"/>
  <system-out>
    <![CDATA[f]]>
  </system-out>
  <testcase classname="testngflag.InvocationCountFlag" name="f" time="0.001"/>
  <system-out>
    <![CDATA[f]]>
  </system-out>
  <testcase classname="testngflag.InvocationCountFlag" name="f" time="0.001"/>
  <system-out>
    <![CDATA[f]]>
  </system-out>
  <testcase classname="testngflag.InvocationCountFlag" name="f" time="0.000"/>
  <system-out>
    <![CDATA[f]]>
  </system-out>
  <testcase classname="testngflag.InvocationCountFlag" name="f" time="0.001"/>
  <system-out>
    <![CDATA[f]]>
  </system-out>
  <testcase classname="testngflag.InvocationCountFlag" name="f" time="0.000"/>
  <system-out>
    <![CDATA[f]]>
  </system-out>
  <testcase classname="testngflag.InvocationCountFlag" name="f" time="0.002"/>
  <system-out>
    <![CDATA[f]]>
  </system-out>
  <testcase classname="testngflag.InvocationCountFlag" name="f" time="0.000"/>
  <system-out>
    <![CDATA[f]]>
  </system-out>
  <testcase classname="testngflag.InvocationCountFlag" name="f" time="0.000"/>
  <system-out>
    <![CDATA[f]]>
  </system-out>
  <testcase classname="testngflag.InvocationCountFlag" name="f" time="0.000"/>
  <system-out>
    <![CDATA[f]]>
  </system-out>
  <testcase classname="testngflag.InvocationCountFlag" name="f" time="0.000"/>
  <system-out>
    <![CDATA[f]]>
  </system-out>
  <testcase classname="testngflag.InvocationCountFlag" name="f" time="0.001"/>
  <system-out>
    <![CDATA[f]]>
  </system-out>
  <testcase classname="testngflag.InvocationCountFlag" name="f" time="0.000"/>
  <system-out>
    <![CDATA[f]]>
  </system-out>
  <testcase classname="testngflag.InvocationCountFlag" name="f" time="0.000"/>
  <system-out>
    <![CDATA[f]]>
  </system-out>
  <testcase classname="testngflag.InvocationCountFlag" name="f" time="0.000"/>
  <system-out>
    <![CDATA[f]]>
  </system-out>
  <testcase classname="testngflag.InvocationCountFlag" name="f" time="0.000"/>
  <system-out>
    <![CDATA[f]]>
  </system-out>
  <testcase classname="testngflag.InvocationCountFlag" name="f" time="0.001"/>
  <system-out>
    <![CDATA[f]]>
  </system-out>
  <testcase classname="testngflag.InvocationCountFlag" name="f" time="0.001"/>
  <system-out>
    <![CDATA[f]]>
  </system-out>
  <testcase classname="testngflag.InvocationCountFlag" name="f" time="0.000"/>
  <system-out>
    <![CDATA[f]]>
  </system-out>
  <testcase classname="testngflag.InvocationCountFlag" name="f" time="0.001"/>
  <system-out>
    <![CDATA[f]]>
  </system-out>
  <testcase classname="testngflag.InvocationCountFlag" name="f" time="0.000"/>
  <system-out>
    <![CDATA[f]]>
  </system-out>
  <testcase classname="testngflag.InvocationCountFlag" name="f" time="0.000"/>
  <system-out>
    <![CDATA[f]]>
  </system-out>
  <testcase classname="testngflag.InvocationCountFlag" name="f" time="0.001"/>
  <system-out>
    <![CDATA[f]]>
  </system-out>
  <testcase classname="testngflag.InvocationCountFlag" name="f" time="0.001"/>
  <system-out>
    <![CDATA[f]]>
  </system-out>
  <testcase classname="testngflag.InvocationCountFlag" name="f" time="0.000"/>
  <system-out>
    <![CDATA[f]]>
  </system-out>
  <testcase classname="testngflag.InvocationCountFlag" name="f" time="0.000"/>
  <system-out>
    <![CDATA[f]]>
  </system-out>
  <testcase classname="testngflag.InvocationCountFlag" name="f" time="0.000"/>
  <system-out>
    <![CDATA[f]]>
  </system-out>
  <testcase classname="testngflag.InvocationCountFlag" name="f" time="0.000"/>
  <system-out>
    <![CDATA[f]]>
  </system-out>
  <testcase classname="testngflag.InvocationCountFlag" name="f" time="0.001"/>
  <system-out>
    <![CDATA[f]]>
  </system-out>
  <testcase classname="testngflag.InvocationCountFlag" name="f" time="0.001"/>
  <system-out>
    <![CDATA[f]]>
  </system-out>
  <testcase classname="testngflag.InvocationCountFlag" name="f" time="0.000"/>
  <system-out>
    <![CDATA[f]]>
  </system-out>
  <testcase classname="testngflag.InvocationCountFlag" name="f" time="0.000"/>
  <system-out>
    <![CDATA[f]]>
  </system-out>
  <testcase classname="testngflag.InvocationCountFlag" name="f" time="0.000"/>
  <system-out>
    <![CDATA[f]]>
  </system-out>
  <testcase classname="testngflag.InvocationCountFlag" name="f" time="0.000"/>
  <system-out>
    <![CDATA[f]]>
  </system-out>
  <testcase classname="testngflag.InvocationCountFlag" name="f" time="0.000"/>
  <system-out>
    <![CDATA[f]]>
  </system-out>
  <testcase classname="testngflag.InvocationCountFlag" name="f" time="0.000"/>
  <system-out>
    <![CDATA[f]]>
  </system-out>
  <testcase classname="testngflag.InvocationCountFlag" name="f" time="0.000"/>
  <system-out>
    <![CDATA[f]]>
  </system-out>
  <testcase classname="testngflag.InvocationCountFlag" name="f" time="0.000"/>
  <system-out>
    <![CDATA[f]]>
  </system-out>
  <testcase classname="testngflag.InvocationCountFlag" name="f" time="0.000"/>
  <system-out>
    <![CDATA[f]]>
  </system-out>
  <testcase classname="testngflag.InvocationCountFlag" name="f" time="0.002"/>
  <system-out>
    <![CDATA[f]]>
  </system-out>
  <testcase classname="testngflag.InvocationCountFlag" name="f" time="0.000"/>
  <system-out>
    <![CDATA[f]]>
  </system-out>
  <testcase classname="testngflag.InvocationCountFlag" name="f" time="0.000"/>
  <system-out>
    <![CDATA[f]]>
  </system-out>
  <testcase classname="testngflag.InvocationCountFlag" name="f" time="0.001"/>
  <system-out>
    <![CDATA[f]]>
  </system-out>
  <testcase classname="testngflag.InvocationCountFlag" name="f" time="0.000"/>
  <system-out>
    <![CDATA[f]]>
  </system-out>
  <testcase classname="testngflag.InvocationCountFlag" name="f" time="0.001"/>
  <system-out>
    <![CDATA[f]]>
  </system-out>
  <testcase classname="testngflag.InvocationCountFlag" name="f" time="0.003"/>
  <system-out>
    <![CDATA[f]]>
  </system-out>
  <testcase classname="testngflag.InvocationCountFlag" name="f" time="0.001"/>
  <system-out>
    <![CDATA[f]]>
  </system-out>
  <testcase classname="testngflag.InvocationCountFlag" name="f" time="0.000"/>
  <system-out>
    <![CDATA[f]]>
  </system-out>
  <testcase classname="testngflag.InvocationCountFlag" name="f" time="0.000"/>
  <system-out>
    <![CDATA[f]]>
  </system-out>
  <testcase classname="testngflag.InvocationCountFlag" name="f" time="0.002"/>
  <system-out>
    <![CDATA[f]]>
  </system-out>
  <testcase classname="testngflag.InvocationCountFlag" name="f" time="0.000"/>
  <system-out>
    <![CDATA[f]]>
  </system-out>
  <testcase classname="testngflag.InvocationCountFlag" name="f" time="0.000"/>
  <system-out>
    <![CDATA[f]]>
  </system-out>
  <testcase classname="testngflag.InvocationCountFlag" name="f" time="0.000"/>
  <system-out>
    <![CDATA[f]]>
  </system-out>
  <testcase classname="testngflag.InvocationCountFlag" name="f" time="0.000"/>
  <system-out>
    <![CDATA[f]]>
  </system-out>
  <testcase classname="testngflag.InvocationCountFlag" name="f" time="0.000"/>
  <system-out>
    <![CDATA[f]]>
  </system-out>
  <testcase classname="testngflag.InvocationCountFlag" name="f" time="0.001"/>
  <system-out>
    <![CDATA[f]]>
  </system-out>
  <testcase classname="testngflag.InvocationCountFlag" name="f" time="0.001"/>
  <system-out>
    <![CDATA[f]]>
  </system-out>
  <testcase classname="testngflag.InvocationCountFlag" name="f" time="0.000"/>
  <system-out>
    <![CDATA[f]]>
  </system-out>
  <testcase classname="testngflag.InvocationCountFlag" name="f" time="0.000"/>
  <system-out>
    <![CDATA[f]]>
  </system-out>
  <testcase classname="testngflag.InvocationCountFlag" name="f" time="0.005"/>
  <system-out>
    <![CDATA[f]]>
  </system-out>
  <testcase classname="testngflag.InvocationCountFlag" name="f" time="0.000"/>
  <system-out>
    <![CDATA[f]]>
  </system-out>
  <testcase classname="testngflag.InvocationCountFlag" name="f" time="0.000"/>
  <system-out>
    <![CDATA[f]]>
  </system-out>
  <testcase classname="testngflag.InvocationCountFlag" name="f" time="0.000"/>
  <system-out>
    <![CDATA[f]]>
  </system-out>
  <testcase classname="testngflag.InvocationCountFlag" name="f" time="0.001"/>
  <system-out>
    <![CDATA[f]]>
  </system-out>
  <testcase classname="testngflag.InvocationCountFlag" name="f" time="0.003"/>
  <system-out>
    <![CDATA[f]]>
  </system-out>
  <testcase classname="testngflag.InvocationCountFlag" name="f" time="0.000"/>
  <system-out>
    <![CDATA[f]]>
  </system-out>
  <testcase classname="testngflag.InvocationCountFlag" name="f" time="0.000"/>
  <system-out>
    <![CDATA[f]]>
  </system-out>
  <testcase classname="testngflag.InvocationCountFlag" name="f" time="0.000"/>
  <system-out>
    <![CDATA[f]]>
  </system-out>
  <testcase classname="testngflag.InvocationCountFlag" name="f" time="0.002"/>
  <system-out>
    <![CDATA[f]]>
  </system-out>
  <testcase classname="testngflag.InvocationCountFlag" name="f" time="0.000"/>
  <system-out>
    <![CDATA[f]]>
  </system-out>
  <testcase classname="testngflag.InvocationCountFlag" name="f" time="0.000"/>
  <system-out>
    <![CDATA[f]]>
  </system-out>
  <testcase classname="testngflag.InvocationCountFlag" name="f" time="0.001"/>
  <system-out>
    <![CDATA[f]]>
  </system-out>
  <testcase classname="testngflag.InvocationCountFlag" name="f" time="0.000"/>
  <system-out>
    <![CDATA[f]]>
  </system-out>
  <testcase classname="testngflag.InvocationCountFlag" name="f" time="0.000"/>
  <system-out>
    <![CDATA[f]]>
  </system-out>
  <testcase classname="testngflag.InvocationCountFlag" name="f" time="0.001"/>
  <system-out>
    <![CDATA[f]]>
  </system-out>
  <testcase classname="testngflag.InvocationCountFlag" name="f" time="0.000"/>
  <system-out>
    <![CDATA[f]]>
  </system-out>
  <testcase classname="testngflag.InvocationCountFlag" name="f" time="0.001"/>
  <system-out>
    <![CDATA[f]]>
  </system-out>
  <testcase classname="testngflag.InvocationCountFlag" name="f" time="0.000"/>
  <system-out>
    <![CDATA[f]]>
  </system-out>
  <testcase classname="testngflag.InvocationCountFlag" name="f" time="0.000"/>
  <system-out>
    <![CDATA[f]]>
  </system-out>
  <testcase classname="testngflag.InvocationCountFlag" name="f" time="0.000"/>
  <system-out>
    <![CDATA[f]]>
  </system-out>
  <testcase classname="testngflag.InvocationCountFlag" name="f" time="0.000"/>
  <system-out>
    <![CDATA[f]]>
  </system-out>
  <testcase classname="testngflag.InvocationCountFlag" name="f" time="0.000"/>
  <system-out>
    <![CDATA[f]]>
  </system-out>
  <testcase classname="testngflag.InvocationCountFlag" name="f" time="0.000"/>
  <system-out>
    <![CDATA[f]]>
  </system-out>
  <testcase classname="testngflag.InvocationCountFlag" name="f" time="0.001"/>
  <system-out>
    <![CDATA[f]]>
  </system-out>
  <testcase classname="testngflag.InvocationCountFlag" name="f" time="0.000"/>
  <system-out>
    <![CDATA[f]]>
  </system-out>
  <testcase classname="testngflag.InvocationCountFlag" name="f" time="0.001"/>
  <system-out>
    <![CDATA[f]]>
  </system-out>
  <testcase classname="testngflag.InvocationCountFlag" name="f" time="0.002"/>
  <system-out>
    <![CDATA[f]]>
  </system-out>
  <testcase classname="testngflag.InvocationCountFlag" name="f" time="0.000"/>
  <system-out>
    <![CDATA[f]]>
  </system-out>
  <testcase classname="testngflag.InvocationCountFlag" name="f" time="0.002"/>
  <system-out>
    <![CDATA[f]]>
  </system-out>
  <testcase classname="testngflag.InvocationCountFlag" name="f" time="0.000"/>
  <system-out>
    <![CDATA[f]]>
  </system-out>
  <testcase classname="testngflag.InvocationCountFlag" name="f" time="0.001"/>
  <system-out>
    <![CDATA[f]]>
  </system-out>
  <testcase classname="testngflag.InvocationCountFlag" name="f" time="0.000"/>
  <system-out>
    <![CDATA[f]]>
  </system-out>
  <testcase classname="testngflag.InvocationCountFlag" name="f" time="0.001"/>
  <system-out>
    <![CDATA[f]]>
  </system-out>
  <testcase classname="testngflag.InvocationCountFlag" name="f" time="0.000"/>
  <system-out>
    <![CDATA[f]]>
  </system-out>
  <testcase classname="testngflag.InvocationCountFlag" name="f" time="0.000"/>
  <system-out>
    <![CDATA[f]]>
  </system-out>
  <testcase classname="testngflag.InvocationCountFlag" name="f" time="0.001"/>
  <system-out>
    <![CDATA[f]]>
  </system-out>
  <testcase classname="testngflag.InvocationCountFlag" name="f" time="0.001"/>
  <system-out>
    <![CDATA[f]]>
  </system-out>
  <testcase classname="testngflag.InvocationCountFlag" name="f" time="0.001"/>
  <system-out>
    <![CDATA[f]]>
  </system-out>
  <testcase classname="testngflag.InvocationCountFlag" name="f" time="0.000"/>
  <system-out>
    <![CDATA[f]]>
  </system-out>
  <testcase classname="testngflag.InvocationCountFlag" name="f" time="0.000"/>
  <system-out>
    <![CDATA[f]]>
  </system-out>
  <testcase classname="testngflag.InvocationCountFlag" name="f" time="0.000"/>
  <system-out>
    <![CDATA[f]]>
  </system-out>
  <testcase classname="testngflag.InvocationCountFlag" name="f" time="0.000"/>
  <system-out>
    <![CDATA[f]]>
  </system-out>
  <testcase classname="testngflag.InvocationCountFlag" name="f" time="0.000"/>
  <system-out>
    <![CDATA[f]]>
  </system-out>
  <testcase classname="testngflag.InvocationCountFlag" name="f" time="0.001"/>
  <system-out>
    <![CDATA[f]]>
  </system-out>
  <testcase classname="testngflag.InvocationCountFlag" name="f" time="0.001"/>
  <system-out>
    <![CDATA[f]]>
  </system-out>
  <testcase classname="testngflag.InvocationCountFlag" name="f" time="0.000"/>
  <system-out>
    <![CDATA[f]]>
  </system-out>
  <testcase classname="testngflag.InvocationCountFlag" name="f" time="0.000"/>
  <system-out>
    <![CDATA[f]]>
  </system-out>
  <testcase classname="testngflag.InvocationCountFlag" name="f" time="0.000"/>
  <system-out>
    <![CDATA[f]]>
  </system-out>
  <testcase classname="testngflag.InvocationCountFlag" name="f" time="0.000"/>
  <system-out>
    <![CDATA[f]]>
  </system-out>
  <testcase classname="testngflag.InvocationCountFlag" name="f" time="0.000"/>
  <system-out>
    <![CDATA[f]]>
  </system-out>
  <testcase classname="testngflag.InvocationCountFlag" name="f" time="0.000"/>
  <system-out>
    <![CDATA[f]]>
  </system-out>
  <testcase classname="testngflag.InvocationCountFlag" name="f" time="0.000"/>
  <system-out>
    <![CDATA[f]]>
  </system-out>
  <testcase classname="testngflag.InvocationCountFlag" name="f" time="0.001"/>
  <system-out>
    <![CDATA[f]]>
  </system-out>
  <testcase classname="testngflag.InvocationCountFlag" name="f" time="0.000"/>
  <system-out>
    <![CDATA[f]]>
  </system-out>
  <testcase classname="testngflag.InvocationCountFlag" name="f" time="0.003"/>
  <system-out>
    <![CDATA[f]]>
  </system-out>
  <testcase classname="testngflag.InvocationCountFlag" name="f" time="0.000"/>
  <system-out>
    <![CDATA[f]]>
  </system-out>
  <testcase classname="testngflag.InvocationCountFlag" name="f" time="0.000"/>
  <system-out>
    <![CDATA[f]]>
  </system-out>
  <testcase classname="testngflag.InvocationCountFlag" name="f" time="0.000"/>
  <system-out>
    <![CDATA[f]]>
  </system-out>
  <testcase classname="testngflag.InvocationCountFlag" name="f" time="0.000"/>
  <system-out>
    <![CDATA[f]]>
  </system-out>
  <testcase classname="testngflag.InvocationCountFlag" name="f" time="0.000"/>
  <system-out>
    <![CDATA[f]]>
  </system-out>
  <testcase classname="testngflag.InvocationCountFlag" name="f" time="0.001"/>
  <system-out>
    <![CDATA[f]]>
  </system-out>
  <testcase classname="testngflag.InvocationCountFlag" name="f" time="0.001"/>
  <system-out>
    <![CDATA[f]]>
  </system-out>
  <testcase classname="testngflag.InvocationCountFlag" name="f" time="0.001"/>
  <system-out>
    <![CDATA[f]]>
  </system-out>
  <testcase classname="testngflag.InvocationCountFlag" name="f" time="0.000"/>
  <system-out>
    <![CDATA[f]]>
  </system-out>
  <testcase classname="testngflag.InvocationCountFlag" name="f" time="0.000"/>
  <system-out>
    <![CDATA[f]]>
  </system-out>
  <testcase classname="testngflag.InvocationCountFlag" name="f" time="0.000"/>
  <system-out>
    <![CDATA[f]]>
  </system-out>
  <testcase classname="testngflag.InvocationCountFlag" name="f" time="0.000"/>
  <system-out>
    <![CDATA[f]]>
  </system-out>
  <testcase classname="testngflag.InvocationCountFlag" name="f" time="0.000"/>
  <system-out>
    <![CDATA[f]]>
  </system-out>
  <testcase classname="testngflag.InvocationCountFlag" name="f" time="0.002"/>
  <system-out>
    <![CDATA[f]]>
  </system-out>
  <testcase classname="testngflag.InvocationCountFlag" name="f" time="0.002"/>
  <system-out>
    <![CDATA[f]]>
  </system-out>
  <testcase classname="testngflag.InvocationCountFlag" name="f" time="0.000"/>
  <system-out>
    <![CDATA[f]]>
  </system-out>
  <testcase classname="testngflag.InvocationCountFlag" name="f" time="0.000"/>
  <system-out>
    <![CDATA[f]]>
  </system-out>
  <testcase classname="testngflag.InvocationCountFlag" name="f" time="0.001"/>
  <system-out>
    <![CDATA[f]]>
  </system-out>
  <testcase classname="testngflag.InvocationCountFlag" name="f" time="0.001"/>
  <system-out>
    <![CDATA[f]]>
  </system-out>
  <testcase classname="testngflag.InvocationCountFlag" name="f" time="0.000"/>
  <system-out>
    <![CDATA[f]]>
  </system-out>
  <testcase classname="testngflag.InvocationCountFlag" name="f" time="0.000"/>
  <system-out>
    <![CDATA[f]]>
  </system-out>
  <testcase classname="testngflag.InvocationCountFlag" name="f" time="0.000"/>
  <system-out>
    <![CDATA[f]]>
  </system-out>
  <testcase classname="testngflag.InvocationCountFlag" name="f" time="0.001"/>
  <system-out>
    <![CDATA[f]]>
  </system-out>
  <testcase classname="testngflag.InvocationCountFlag" name="f" time="0.000"/>
  <system-out>
    <![CDATA[f]]>
  </system-out>
  <testcase classname="testngflag.InvocationCountFlag" name="f" time="0.000"/>
  <system-out>
    <![CDATA[f]]>
  </system-out>
  <testcase classname="testngflag.InvocationCountFlag" name="f" time="0.000"/>
  <system-out>
    <![CDATA[f]]>
  </system-out>
  <testcase classname="testngflag.InvocationCountFlag" name="f" time="0.000"/>
  <system-out>
    <![CDATA[f]]>
  </system-out>
  <testcase classname="testngflag.InvocationCountFlag" name="f" time="0.000"/>
  <system-out>
    <![CDATA[f]]>
  </system-out>
  <testcase classname="testngflag.InvocationCountFlag" name="f" time="0.000"/>
  <system-out>
    <![CDATA[f]]>
  </system-out>
  <testcase classname="testngflag.InvocationCountFlag" name="f" time="0.001"/>
  <system-out>
    <![CDATA[f]]>
  </system-out>
  <testcase classname="testngflag.InvocationCountFlag" name="f" time="0.000"/>
  <system-out>
    <![CDATA[f]]>
  </system-out>
  <testcase classname="testngflag.InvocationCountFlag" name="f" time="0.000"/>
  <system-out>
    <![CDATA[f]]>
  </system-out>
  <testcase classname="testngflag.InvocationCountFlag" name="f" time="0.001"/>
  <system-out>
    <![CDATA[f]]>
  </system-out>
  <testcase classname="testngflag.InvocationCountFlag" name="f" time="0.000"/>
  <system-out>
    <![CDATA[f]]>
  </system-out>
  <testcase classname="testngflag.InvocationCountFlag" name="f" time="0.000"/>
  <system-out>
    <![CDATA[f]]>
  </system-out>
  <testcase classname="testngflag.InvocationCountFlag" name="f" time="0.000"/>
  <system-out>
    <![CDATA[f]]>
  </system-out>
  <testcase classname="testngflag.InvocationCountFlag" name="f" time="0.006"/>
  <system-out>
    <![CDATA[f]]>
  </system-out>
  <testcase classname="testngflag.InvocationCountFlag" name="f" time="0.000"/>
  <system-out>
    <![CDATA[f]]>
  </system-out>
  <testcase classname="testngflag.InvocationCountFlag" name="f" time="0.000"/>
  <system-out>
    <![CDATA[f]]>
  </system-out>
  <testcase classname="testngflag.InvocationCountFlag" name="f" time="0.001"/>
  <system-out>
    <![CDATA[f]]>
  </system-out>
  <testcase classname="testngflag.InvocationCountFlag" name="f" time="0.001"/>
  <system-out>
    <![CDATA[f]]>
  </system-out>
  <testcase classname="testngflag.InvocationCountFlag" name="f" time="0.000"/>
  <system-out>
    <![CDATA[f]]>
  </system-out>
  <testcase classname="testngflag.InvocationCountFlag" name="f" time="0.000"/>
  <system-out>
    <![CDATA[f]]>
  </system-out>
  <testcase classname="testngflag.InvocationCountFlag" name="f" time="0.000"/>
  <system-out>
    <![CDATA[f]]>
  </system-out>
  <testcase classname="testngflag.InvocationCountFlag" name="f" time="0.000"/>
  <system-out>
    <![CDATA[f]]>
  </system-out>
  <testcase classname="testngflag.InvocationCountFlag" name="f" time="0.000"/>
  <system-out>
    <![CDATA[f]]>
  </system-out>
  <testcase classname="testngflag.InvocationCountFlag" name="f" time="0.000"/>
  <system-out>
    <![CDATA[f]]>
  </system-out>
  <testcase classname="testngflag.InvocationCountFlag" name="f" time="0.000"/>
  <system-out>
    <![CDATA[f]]>
  </system-out>
  <testcase classname="testngflag.InvocationCountFlag" name="f" time="0.001"/>
  <system-out>
    <![CDATA[f]]>
  </system-out>
  <testcase classname="testngflag.InvocationCountFlag" name="f" time="0.001"/>
  <system-out>
    <![CDATA[f]]>
  </system-out>
  <testcase classname="testngflag.InvocationCountFlag" name="f" time="0.001"/>
  <system-out>
    <![CDATA[f]]>
  </system-out>
  <testcase classname="testngflag.InvocationCountFlag" name="f" time="0.000"/>
  <system-out>
    <![CDATA[f]]>
  </system-out>
  <testcase classname="testngflag.InvocationCountFlag" name="f" time="0.000"/>
  <system-out>
    <![CDATA[f]]>
  </system-out>
  <testcase classname="testngflag.InvocationCountFlag" name="f" time="0.000"/>
  <system-out>
    <![CDATA[f]]>
  </system-out>
  <testcase classname="testngflag.InvocationCountFlag" name="f" time="0.001"/>
  <system-out>
    <![CDATA[f]]>
  </system-out>
  <testcase classname="testngflag.InvocationCountFlag" name="f" time="0.001"/>
  <system-out>
    <![CDATA[f]]>
  </system-out>
  <testcase classname="testngflag.InvocationCountFlag" name="f" time="0.001"/>
  <system-out>
    <![CDATA[f]]>
  </system-out>
  <testcase classname="testngflag.InvocationCountFlag" name="f" time="0.001"/>
  <system-out>
    <![CDATA[f]]>
  </system-out>
  <testcase classname="testngflag.InvocationCountFlag" name="f" time="0.000"/>
  <system-out>
    <![CDATA[f]]>
  </system-out>
  <testcase classname="testngflag.InvocationCountFlag" name="f" time="0.001"/>
  <system-out>
    <![CDATA[f]]>
  </system-out>
  <testcase classname="testngflag.InvocationCountFlag" name="f" time="0.000"/>
  <system-out>
    <![CDATA[f]]>
  </system-out>
  <testcase classname="testngflag.InvocationCountFlag" name="f" time="0.000"/>
  <system-out>
    <![CDATA[f]]>
  </system-out>
  <testcase classname="testngflag.InvocationCountFlag" name="f" time="0.001"/>
  <system-out>
    <![CDATA[f]]>
  </system-out>
  <testcase classname="testngflag.InvocationCountFlag" name="f" time="0.001"/>
  <system-out>
    <![CDATA[f]]>
  </system-out>
  <testcase classname="testngflag.InvocationCountFlag" name="f" time="0.000"/>
  <system-out>
    <![CDATA[f]]>
  </system-out>
  <testcase classname="testngflag.InvocationCountFlag" name="f" time="0.000"/>
  <system-out>
    <![CDATA[f]]>
  </system-out>
  <testcase classname="testngflag.InvocationCountFlag" name="f" time="0.001"/>
  <system-out>
    <![CDATA[f]]>
  </system-out>
  <testcase classname="testngflag.InvocationCountFlag" name="f" time="0.001"/>
  <system-out>
    <![CDATA[f]]>
  </system-out>
  <testcase classname="testngflag.InvocationCountFlag" name="f" time="0.004"/>
  <system-out>
    <![CDATA[f]]>
  </system-out>
  <testcase classname="testngflag.InvocationCountFlag" name="f" time="0.000"/>
  <system-out>
    <![CDATA[f]]>
  </system-out>
  <testcase classname="testngflag.InvocationCountFlag" name="f" time="0.000"/>
  <system-out>
    <![CDATA[f]]>
  </system-out>
  <testcase classname="testngflag.InvocationCountFlag" name="f" time="0.001"/>
  <system-out>
    <![CDATA[f]]>
  </system-out>
  <testcase classname="testngflag.InvocationCountFlag" name="f" time="0.002"/>
  <system-out>
    <![CDATA[f]]>
  </system-out>
  <testcase classname="testngflag.InvocationCountFlag" name="f" time="0.001"/>
  <system-out>
    <![CDATA[f]]>
  </system-out>
  <testcase classname="testngflag.InvocationCountFlag" name="f" time="0.000"/>
  <system-out>
    <![CDATA[f]]>
  </system-out>
  <testcase classname="testngflag.InvocationCountFlag" name="f" time="0.000"/>
  <system-out>
    <![CDATA[f]]>
  </system-out>
  <testcase classname="testngflag.InvocationCountFlag" name="f" time="0.000"/>
  <system-out>
    <![CDATA[f]]>
  </system-out>
  <testcase classname="testngflag.InvocationCountFlag" name="f" time="0.000"/>
  <system-out>
    <![CDATA[f]]>
  </system-out>
  <testcase classname="testngflag.InvocationCountFlag" name="f" time="0.000"/>
  <system-out>
    <![CDATA[f]]>
  </system-out>
  <testcase classname="testngflag.InvocationCountFlag" name="f" time="0.000"/>
  <system-out>
    <![CDATA[f]]>
  </system-out>
  <testcase classname="testngflag.InvocationCountFlag" name="f" time="0.000"/>
  <system-out>
    <![CDATA[f]]>
  </system-out>
  <testcase classname="testngflag.InvocationCountFlag" name="f" time="0.000"/>
  <system-out>
    <![CDATA[f]]>
  </system-out>
  <testcase classname="testngflag.InvocationCountFlag" name="f" time="0.000"/>
  <system-out>
    <![CDATA[f]]>
  </system-out>
  <testcase classname="testngflag.InvocationCountFlag" name="f" time="0.000"/>
  <system-out>
    <![CDATA[f]]>
  </system-out>
  <testcase classname="testngflag.InvocationCountFlag" name="f" time="0.001"/>
  <system-out>
    <![CDATA[f]]>
  </system-out>
  <testcase classname="testngflag.InvocationCountFlag" name="f" time="0.000"/>
  <system-out>
    <![CDATA[f]]>
  </system-out>
  <testcase classname="testngflag.InvocationCountFlag" name="f" time="0.000"/>
  <system-out>
    <![CDATA[f]]>
  </system-out>
  <testcase classname="testngflag.InvocationCountFlag" name="f" time="0.000"/>
  <system-out>
    <![CDATA[f]]>
  </system-out>
  <testcase classname="testngflag.InvocationCountFlag" name="f" time="0.001"/>
  <system-out>
    <![CDATA[f]]>
  </system-out>
  <testcase classname="testngflag.InvocationCountFlag" name="f" time="0.002"/>
  <system-out>
    <![CDATA[f]]>
  </system-out>
  <testcase classname="testngflag.InvocationCountFlag" name="f" time="0.000"/>
  <system-out>
    <![CDATA[f]]>
  </system-out>
  <testcase classname="testngflag.InvocationCountFlag" name="f" time="0.000"/>
  <system-out>
    <![CDATA[f]]>
  </system-out>
  <testcase classname="testngflag.InvocationCountFlag" name="f" time="0.000"/>
  <system-out>
    <![CDATA[f]]>
  </system-out>
  <testcase classname="testngflag.InvocationCountFlag" name="f" time="0.000"/>
  <system-out>
    <![CDATA[f]]>
  </system-out>
  <testcase classname="testngflag.InvocationCountFlag" name="f" time="0.001"/>
  <system-out>
    <![CDATA[f]]>
  </system-out>
  <testcase classname="testngflag.InvocationCountFlag" name="f" time="0.000"/>
  <system-out>
    <![CDATA[f]]>
  </system-out>
  <testcase classname="testngflag.InvocationCountFlag" name="f" time="0.001"/>
  <system-out>
    <![CDATA[f]]>
  </system-out>
  <testcase classname="testngflag.InvocationCountFlag" name="f" time="0.000"/>
  <system-out>
    <![CDATA[f]]>
  </system-out>
  <testcase classname="testngflag.InvocationCountFlag" name="f" time="0.000"/>
  <system-out>
    <![CDATA[f]]>
  </system-out>
  <testcase classname="testngflag.InvocationCountFlag" name="f" time="0.000"/>
  <system-out>
    <![CDATA[f]]>
  </system-out>
  <testcase classname="testngflag.InvocationCountFlag" name="f" time="0.000"/>
  <system-out>
    <![CDATA[f]]>
  </system-out>
  <testcase classname="testngflag.InvocationCountFlag" name="f" time="0.000"/>
  <system-out>
    <![CDATA[f]]>
  </system-out>
  <testcase classname="testngflag.InvocationCountFlag" name="f" time="0.000"/>
  <system-out>
    <![CDATA[f]]>
  </system-out>
  <testcase classname="testngflag.InvocationCountFlag" name="f" time="0.000"/>
  <system-out>
    <![CDATA[f]]>
  </system-out>
  <testcase classname="testngflag.InvocationCountFlag" name="f" time="0.001"/>
  <system-out>
    <![CDATA[f]]>
  </system-out>
  <testcase classname="testngflag.InvocationCountFlag" name="f" time="0.001"/>
  <system-out>
    <![CDATA[f]]>
  </system-out>
  <testcase classname="testngflag.InvocationCountFlag" name="f" time="0.000"/>
  <system-out>
    <![CDATA[f]]>
  </system-out>
  <testcase classname="testngflag.InvocationCountFlag" name="f" time="0.000"/>
  <system-out>
    <![CDATA[f]]>
  </system-out>
  <testcase classname="testngflag.InvocationCountFlag" name="f" time="0.001"/>
  <system-out>
    <![CDATA[f]]>
  </system-out>
  <testcase classname="testngflag.InvocationCountFlag" name="f" time="0.001"/>
  <system-out>
    <![CDATA[f]]>
  </system-out>
  <testcase classname="testngflag.InvocationCountFlag" name="f" time="0.000"/>
  <system-out>
    <![CDATA[f]]>
  </system-out>
  <testcase classname="testngflag.InvocationCountFlag" name="f" time="0.000"/>
  <system-out>
    <![CDATA[f]]>
  </system-out>
  <testcase classname="testngflag.InvocationCountFlag" name="f" time="0.000"/>
  <system-out>
    <![CDATA[f]]>
  </system-out>
  <testcase classname="testngflag.InvocationCountFlag" name="f" time="0.000"/>
  <system-out>
    <![CDATA[f]]>
  </system-out>
  <testcase classname="testngflag.InvocationCountFlag" name="f" time="0.000"/>
  <system-out>
    <![CDATA[f]]>
  </system-out>
  <testcase classname="testngflag.InvocationCountFlag" name="f" time="0.001"/>
  <system-out>
    <![CDATA[f]]>
  </system-out>
  <testcase classname="testngflag.InvocationCountFlag" name="f" time="0.000"/>
  <system-out>
    <![CDATA[f]]>
  </system-out>
  <testcase classname="testngflag.InvocationCountFlag" name="f" time="0.001"/>
  <system-out>
    <![CDATA[f]]>
  </system-out>
  <testcase classname="testngflag.InvocationCountFlag" name="f" time="0.000"/>
  <system-out>
    <![CDATA[f]]>
  </system-out>
  <testcase classname="testngflag.InvocationCountFlag" name="f" time="0.006"/>
  <system-out>
    <![CDATA[f]]>
  </system-out>
  <testcase classname="testngflag.InvocationCountFlag" name="f" time="0.000"/>
  <system-out>
    <![CDATA[f]]>
  </system-out>
  <testcase classname="testngflag.InvocationCountFlag" name="f" time="0.000"/>
  <system-out>
    <![CDATA[f]]>
  </system-out>
  <testcase classname="testngflag.InvocationCountFlag" name="f" time="0.000"/>
  <system-out>
    <![CDATA[f]]>
  </system-out>
  <testcase classname="testngflag.InvocationCountFlag" name="f" time="0.000"/>
  <system-out>
    <![CDATA[f]]>
  </system-out>
  <testcase classname="testngflag.InvocationCountFlag" name="f" time="0.000"/>
  <system-out>
    <![CDATA[f]]>
  </system-out>
  <testcase classname="testngflag.InvocationCountFlag" name="f" time="0.000"/>
  <system-out>
    <![CDATA[f]]>
  </system-out>
  <testcase classname="testngflag.InvocationCountFlag" name="f" time="0.000"/>
  <system-out>
    <![CDATA[f]]>
  </system-out>
  <testcase classname="testngflag.InvocationCountFlag" name="f" time="0.001"/>
  <system-out>
    <![CDATA[f]]>
  </system-out>
  <testcase classname="testngflag.InvocationCountFlag" name="f" time="0.002"/>
  <system-out>
    <![CDATA[f]]>
  </system-out>
  <testcase classname="testngflag.InvocationCountFlag" name="f" time="0.002"/>
  <system-out>
    <![CDATA[f]]>
  </system-out>
  <testcase classname="testngflag.InvocationCountFlag" name="f" time="0.001"/>
  <system-out>
    <![CDATA[f]]>
  </system-out>
  <testcase classname="testngflag.InvocationCountFlag" name="f" time="0.000"/>
  <system-out>
    <![CDATA[f]]>
  </system-out>
  <testcase classname="testngflag.InvocationCountFlag" name="f" time="0.000"/>
  <system-out>
    <![CDATA[f]]>
  </system-out>
  <testcase classname="testngflag.InvocationCountFlag" name="f" time="0.001"/>
  <system-out>
    <![CDATA[f]]>
  </system-out>
  <testcase classname="testngflag.InvocationCountFlag" name="f" time="0.000"/>
  <system-out>
    <![CDATA[f]]>
  </system-out>
  <testcase classname="testngflag.InvocationCountFlag" name="f" time="0.000"/>
  <system-out>
    <![CDATA[f]]>
  </system-out>
  <testcase classname="testngflag.InvocationCountFlag" name="f" time="0.001"/>
  <system-out>
    <![CDATA[f]]>
  </system-out>
  <testcase classname="testngflag.InvocationCountFlag" name="f" time="0.000"/>
  <system-out>
    <![CDATA[f]]>
  </system-out>
  <testcase classname="testngflag.InvocationCountFlag" name="f" time="0.000"/>
  <system-out>
    <![CDATA[f]]>
  </system-out>
  <testcase classname="testngflag.InvocationCountFlag" name="f" time="0.000"/>
  <system-out>
    <![CDATA[f]]>
  </system-out>
  <testcase classname="testngflag.InvocationCountFlag" name="f" time="0.000"/>
  <system-out>
    <![CDATA[f]]>
  </system-out>
  <testcase classname="testngflag.InvocationCountFlag" name="f" time="0.001"/>
  <system-out>
    <![CDATA[f]]>
  </system-out>
  <testcase classname="testngflag.InvocationCountFlag" name="f" time="0.000"/>
  <system-out>
    <![CDATA[f]]>
  </system-out>
  <testcase classname="testngflag.InvocationCountFlag" name="f" time="0.003"/>
  <system-out>
    <![CDATA[f]]>
  </system-out>
  <testcase classname="testngflag.InvocationCountFlag" name="f" time="0.000"/>
  <system-out>
    <![CDATA[f]]>
  </system-out>
  <testcase classname="testngflag.InvocationCountFlag" name="f" time="0.001"/>
  <system-out>
    <![CDATA[f]]>
  </system-out>
  <testcase classname="testngflag.InvocationCountFlag" name="f" time="0.000"/>
  <system-out>
    <![CDATA[f]]>
  </system-out>
  <testcase classname="testngflag.InvocationCountFlag" name="f" time="0.001"/>
  <system-out>
    <![CDATA[f]]>
  </system-out>
  <testcase classname="testngflag.InvocationCountFlag" name="f" time="0.000"/>
  <system-out>
    <![CDATA[f]]>
  </system-out>
  <testcase classname="testngflag.InvocationCountFlag" name="f" time="0.000"/>
  <system-out>
    <![CDATA[f]]>
  </system-out>
  <testcase classname="testngflag.InvocationCountFlag" name="f" time="0.001"/>
  <system-out>
    <![CDATA[f]]>
  </system-out>
  <testcase classname="testngflag.InvocationCountFlag" name="f" time="0.000"/>
  <system-out>
    <![CDATA[f]]>
  </system-out>
  <testcase classname="testngflag.InvocationCountFlag" name="f" time="0.000"/>
  <system-out>
    <![CDATA[f]]>
  </system-out>
  <testcase classname="testngflag.InvocationCountFlag" name="f" time="0.001"/>
  <system-out>
    <![CDATA[f]]>
  </system-out>
  <testcase classname="testngflag.InvocationCountFlag" name="f" time="0.000"/>
  <system-out>
    <![CDATA[f]]>
  </system-out>
  <testcase classname="testngflag.InvocationCountFlag" name="f" time="0.000"/>
  <system-out>
    <![CDATA[f]]>
  </system-out>
  <testcase classname="testngflag.InvocationCountFlag" name="f" time="0.000"/>
  <system-out>
    <![CDATA[f]]>
  </system-out>
  <testcase classname="testngflag.InvocationCountFlag" name="f" time="0.001"/>
  <system-out>
    <![CDATA[f]]>
  </system-out>
  <testcase classname="testngflag.InvocationCountFlag" name="f" time="0.000"/>
  <system-out>
    <![CDATA[f]]>
  </system-out>
  <testcase classname="testngflag.InvocationCountFlag" name="f" time="0.001"/>
  <system-out>
    <![CDATA[f]]>
  </system-out>
  <testcase classname="testngflag.InvocationCountFlag" name="f" time="0.000"/>
  <system-out>
    <![CDATA[f]]>
  </system-out>
  <testcase classname="testngflag.InvocationCountFlag" name="f" time="0.000"/>
  <system-out>
    <![CDATA[f]]>
  </system-out>
  <testcase classname="testngflag.InvocationCountFlag" name="f" time="0.000"/>
  <system-out>
    <![CDATA[f]]>
  </system-out>
  <testcase classname="testngflag.InvocationCountFlag" name="f" time="0.000"/>
  <system-out>
    <![CDATA[f]]>
  </system-out>
  <testcase classname="testngflag.InvocationCountFlag" name="f" time="0.001"/>
  <system-out>
    <![CDATA[f]]>
  </system-out>
  <testcase classname="testngflag.InvocationCountFlag" name="f" time="0.000"/>
  <system-out>
    <![CDATA[f]]>
  </system-out>
  <testcase classname="testngflag.InvocationCountFlag" name="f" time="0.000"/>
  <system-out>
    <![CDATA[f]]>
  </system-out>
  <testcase classname="testngflag.InvocationCountFlag" name="f" time="0.000"/>
  <system-out>
    <![CDATA[f]]>
  </system-out>
  <testcase classname="testngflag.InvocationCountFlag" name="f" time="0.000"/>
  <system-out>
    <![CDATA[f]]>
  </system-out>
  <testcase classname="testngflag.InvocationCountFlag" name="f" time="0.000"/>
  <system-out>
    <![CDATA[f]]>
  </system-out>
  <testcase classname="testngflag.InvocationCountFlag" name="f" time="0.000"/>
  <system-out>
    <![CDATA[f]]>
  </system-out>
  <testcase classname="testngflag.InvocationCountFlag" name="f" time="0.000"/>
  <system-out>
    <![CDATA[f]]>
  </system-out>
  <testcase classname="testngflag.InvocationCountFlag" name="f" time="0.001"/>
  <system-out>
    <![CDATA[f]]>
  </system-out>
  <testcase classname="testngflag.InvocationCountFlag" name="f" time="0.000"/>
  <system-out>
    <![CDATA[f]]>
  </system-out>
  <testcase classname="testngflag.InvocationCountFlag" name="f" time="0.002"/>
  <system-out>
    <![CDATA[f]]>
  </system-out>
  <testcase classname="testngflag.InvocationCountFlag" name="f" time="0.000"/>
  <system-out>
    <![CDATA[f]]>
  </system-out>
  <testcase classname="testngflag.InvocationCountFlag" name="f" time="0.000"/>
  <system-out>
    <![CDATA[f]]>
  </system-out>
  <testcase classname="testngflag.InvocationCountFlag" name="f" time="0.000"/>
  <system-out>
    <![CDATA[f]]>
  </system-out>
  <testcase classname="testngflag.InvocationCountFlag" name="f" time="0.000"/>
  <system-out>
    <![CDATA[f]]>
  </system-out>
  <testcase classname="testngflag.InvocationCountFlag" name="f" time="0.000"/>
  <system-out>
    <![CDATA[f]]>
  </system-out>
  <testcase classname="testngflag.InvocationCountFlag" name="f" time="0.000"/>
  <system-out>
    <![CDATA[f]]>
  </system-out>
  <testcase classname="testngflag.InvocationCountFlag" name="f" time="0.001"/>
  <system-out>
    <![CDATA[f]]>
  </system-out>
  <testcase classname="testngflag.InvocationCountFlag" name="f" time="0.000"/>
  <system-out>
    <![CDATA[f]]>
  </system-out>
  <testcase classname="testngflag.InvocationCountFlag" name="f" time="0.001"/>
  <system-out>
    <![CDATA[f]]>
  </system-out>
  <testcase classname="testngflag.InvocationCountFlag" name="f" time="0.001"/>
  <system-out>
    <![CDATA[f]]>
  </system-out>
  <testcase classname="testngflag.InvocationCountFlag" name="f" time="0.001"/>
  <system-out>
    <![CDATA[f]]>
  </system-out>
  <testcase classname="testngflag.InvocationCountFlag" name="f" time="0.000"/>
  <system-out>
    <![CDATA[f]]>
  </system-out>
  <testcase classname="testngflag.InvocationCountFlag" name="f" time="0.000"/>
  <system-out>
    <![CDATA[f]]>
  </system-out>
  <testcase classname="testngflag.InvocationCountFlag" name="f" time="0.000"/>
  <system-out>
    <![CDATA[f]]>
  </system-out>
  <testcase classname="testngflag.InvocationCountFlag" name="f" time="0.000"/>
  <system-out>
    <![CDATA[f]]>
  </system-out>
  <testcase classname="testngflag.InvocationCountFlag" name="f" time="0.000"/>
  <system-out>
    <![CDATA[f]]>
  </system-out>
  <testcase classname="testngflag.InvocationCountFlag" name="f" time="0.000"/>
  <system-out>
    <![CDATA[f]]>
  </system-out>
  <testcase classname="testngflag.InvocationCountFlag" name="f" time="0.000"/>
  <system-out>
    <![CDATA[f]]>
  </system-out>
  <testcase classname="testngflag.InvocationCountFlag" name="f" time="0.001"/>
  <system-out>
    <![CDATA[f]]>
  </system-out>
  <testcase classname="testngflag.InvocationCountFlag" name="f" time="0.000"/>
  <system-out>
    <![CDATA[f]]>
  </system-out>
  <testcase classname="testngflag.InvocationCountFlag" name="f" time="0.001"/>
  <system-out>
    <![CDATA[f]]>
  </system-out>
  <testcase classname="testngflag.InvocationCountFlag" name="f" time="0.000"/>
  <system-out>
    <![CDATA[f]]>
  </system-out>
  <testcase classname="testngflag.InvocationCountFlag" name="f" time="0.000"/>
  <system-out>
    <![CDATA[f]]>
  </system-out>
  <testcase classname="testngflag.InvocationCountFlag" name="f" time="0.000"/>
  <system-out>
    <![CDATA[f]]>
  </system-out>
  <testcase classname="testngflag.InvocationCountFlag" name="f" time="0.001"/>
  <system-out>
    <![CDATA[f]]>
  </system-out>
  <testcase classname="testngflag.InvocationCountFlag" name="f" time="0.000"/>
  <system-out>
    <![CDATA[f]]>
  </system-out>
  <testcase classname="testngflag.InvocationCountFlag" name="f" time="0.000"/>
  <system-out>
    <![CDATA[f]]>
  </system-out>
  <testcase classname="testngflag.InvocationCountFlag" name="f" time="0.000"/>
  <system-out>
    <![CDATA[f]]>
  </system-out>
  <testcase classname="testngflag.InvocationCountFlag" name="f" time="0.001"/>
  <system-out>
    <![CDATA[f]]>
  </system-out>
  <testcase classname="testngflag.InvocationCountFlag" name="f" time="0.001"/>
  <system-out>
    <![CDATA[f]]>
  </system-out>
  <testcase classname="testngflag.InvocationCountFlag" name="f" time="0.001"/>
  <system-out>
    <![CDATA[f]]>
  </system-out>
  <testcase classname="testngflag.InvocationCountFlag" name="f" time="0.000"/>
  <system-out>
    <![CDATA[f]]>
  </system-out>
  <testcase classname="testngflag.InvocationCountFlag" name="f" time="0.000"/>
  <system-out>
    <![CDATA[f]]>
  </system-out>
  <testcase classname="testngflag.InvocationCountFlag" name="f" time="0.000"/>
  <system-out>
    <![CDATA[f]]>
  </system-out>
  <testcase classname="testngflag.InvocationCountFlag" name="f" time="0.003"/>
  <system-out>
    <![CDATA[f]]>
  </system-out>
  <testcase classname="testngflag.InvocationCountFlag" name="f" time="0.000"/>
  <system-out>
    <![CDATA[f]]>
  </system-out>
  <testcase classname="testngflag.InvocationCountFlag" name="f" time="0.000"/>
  <system-out>
    <![CDATA[f]]>
  </system-out>
  <testcase classname="testngflag.InvocationCountFlag" name="f" time="0.002"/>
  <system-out>
    <![CDATA[f]]>
  </system-out>
  <testcase classname="testngflag.InvocationCountFlag" name="f" time="0.000"/>
  <system-out>
    <![CDATA[f]]>
  </system-out>
  <testcase classname="testngflag.InvocationCountFlag" name="f" time="0.000"/>
  <system-out>
    <![CDATA[f]]>
  </system-out>
  <testcase classname="testngflag.InvocationCountFlag" name="f" time="0.000"/>
  <system-out>
    <![CDATA[f]]>
  </system-out>
  <testcase classname="testngflag.InvocationCountFlag" name="f" time="0.001"/>
  <system-out>
    <![CDATA[f]]>
  </system-out>
  <testcase classname="testngflag.InvocationCountFlag" name="f" time="0.000"/>
  <system-out>
    <![CDATA[f]]>
  </system-out>
  <testcase classname="testngflag.InvocationCountFlag" name="f" time="0.000"/>
  <system-out>
    <![CDATA[f]]>
  </system-out>
  <testcase classname="testngflag.InvocationCountFlag" name="f" time="0.001"/>
  <system-out>
    <![CDATA[f]]>
  </system-out>
  <testcase classname="testngflag.InvocationCountFlag" name="f" time="0.001"/>
  <system-out>
    <![CDATA[f]]>
  </system-out>
  <testcase classname="testngflag.InvocationCountFlag" name="f" time="0.000"/>
  <system-out>
    <![CDATA[f]]>
  </system-out>
  <testcase classname="testngflag.InvocationCountFlag" name="f" time="0.001"/>
  <system-out>
    <![CDATA[f]]>
  </system-out>
  <testcase classname="testngflag.InvocationCountFlag" name="f" time="0.000"/>
  <system-out>
    <![CDATA[f]]>
  </system-out>
  <testcase classname="testngflag.InvocationCountFlag" name="f" time="0.000"/>
  <system-out>
    <![CDATA[f]]>
  </system-out>
  <testcase classname="testngflag.InvocationCountFlag" name="f" time="0.002"/>
  <system-out>
    <![CDATA[f]]>
  </system-out>
  <testcase classname="testngflag.InvocationCountFlag" name="f" time="0.001"/>
  <system-out>
    <![CDATA[f]]>
  </system-out>
  <testcase classname="testngflag.InvocationCountFlag" name="f" time="0.000"/>
  <system-out>
    <![CDATA[f]]>
  </system-out>
  <testcase classname="testngflag.InvocationCountFlag" name="f" time="0.000"/>
  <system-out>
    <![CDATA[f]]>
  </system-out>
  <testcase classname="testngflag.InvocationCountFlag" name="f" time="0.000"/>
  <system-out>
    <![CDATA[f]]>
  </system-out>
  <testcase classname="testngflag.InvocationCountFlag" name="f" time="0.000"/>
  <system-out>
    <![CDATA[f]]>
  </system-out>
  <testcase classname="testngflag.InvocationCountFlag" name="f" time="0.000"/>
  <system-out>
    <![CDATA[f]]>
  </system-out>
  <testcase classname="testngflag.InvocationCountFlag" name="f" time="0.000"/>
  <system-out>
    <![CDATA[f]]>
  </system-out>
  <testcase classname="testngflag.InvocationCountFlag" name="f" time="0.000"/>
  <system-out>
    <![CDATA[f]]>
  </system-out>
  <testcase classname="testngflag.InvocationCountFlag" name="f" time="0.001"/>
  <system-out>
    <![CDATA[f]]>
  </system-out>
  <testcase classname="testngflag.InvocationCountFlag" name="f" time="0.000"/>
  <system-out>
    <![CDATA[f]]>
  </system-out>
  <testcase classname="testngflag.InvocationCountFlag" name="f" time="0.000"/>
  <system-out>
    <![CDATA[f]]>
  </system-out>
  <testcase classname="testngflag.InvocationCountFlag" name="f" time="0.000"/>
  <system-out>
    <![CDATA[f]]>
  </system-out>
  <testcase classname="testngflag.InvocationCountFlag" name="f" time="0.001"/>
  <system-out>
    <![CDATA[f]]>
  </system-out>
  <testcase classname="testngflag.InvocationCountFlag" name="f" time="0.001"/>
  <system-out>
    <![CDATA[f]]>
  </system-out>
  <testcase classname="testngflag.InvocationCountFlag" name="f" time="0.002"/>
  <system-out>
    <![CDATA[f]]>
  </system-out>
  <testcase classname="testngflag.InvocationCountFlag" name="f" time="0.000"/>
  <system-out>
    <![CDATA[f]]>
  </system-out>
  <testcase classname="testngflag.InvocationCountFlag" name="f" time="0.000"/>
  <system-out>
    <![CDATA[f]]>
  </system-out>
  <testcase classname="testngflag.InvocationCountFlag" name="f" time="0.000"/>
  <system-out>
    <![CDATA[f]]>
  </system-out>
  <testcase classname="testngflag.InvocationCountFlag" name="f" time="0.000"/>
  <system-out>
    <![CDATA[f]]>
  </system-out>
  <testcase classname="testngflag.InvocationCountFlag" name="f" time="0.000"/>
  <system-out>
    <![CDATA[f]]>
  </system-out>
  <testcase classname="testngflag.InvocationCountFlag" name="f" time="0.004"/>
  <system-out>
    <![CDATA[f]]>
  </system-out>
  <testcase classname="testngflag.InvocationCountFlag" name="f" time="0.000"/>
  <system-out>
    <![CDATA[f]]>
  </system-out>
  <testcase classname="testngflag.InvocationCountFlag" name="f" time="0.001"/>
  <system-out>
    <![CDATA[f]]>
  </system-out>
  <testcase classname="testngflag.InvocationCountFlag" name="f" time="0.001"/>
  <system-out>
    <![CDATA[f]]>
  </system-out>
  <testcase classname="testngflag.InvocationCountFlag" name="f" time="0.000"/>
  <system-out>
    <![CDATA[f]]>
  </system-out>
  <testcase classname="testngflag.InvocationCountFlag" name="f" time="0.000"/>
  <system-out>
    <![CDATA[f]]>
  </system-out>
  <testcase classname="testngflag.InvocationCountFlag" name="f" time="0.001"/>
  <system-out>
    <![CDATA[f]]>
  </system-out>
  <testcase classname="testngflag.InvocationCountFlag" name="f" time="0.000"/>
  <system-out>
    <![CDATA[f]]>
  </system-out>
  <testcase classname="testngflag.InvocationCountFlag" name="f" time="0.001"/>
  <system-out>
    <![CDATA[f]]>
  </system-out>
  <testcase classname="testngflag.InvocationCountFlag" name="f" time="0.001"/>
  <system-out>
    <![CDATA[f]]>
  </system-out>
  <testcase classname="testngflag.InvocationCountFlag" name="f" time="0.001"/>
  <system-out>
    <![CDATA[f]]>
  </system-out>
  <testcase classname="testngflag.InvocationCountFlag" name="f" time="0.000"/>
  <system-out>
    <![CDATA[f]]>
  </system-out>
  <testcase classname="testngflag.InvocationCountFlag" name="f" time="0.000"/>
  <system-out>
    <![CDATA[f]]>
  </system-out>
  <testcase classname="testngflag.InvocationCountFlag" name="f" time="0.000"/>
  <system-out>
    <![CDATA[f]]>
  </system-out>
  <testcase classname="testngflag.InvocationCountFlag" name="f" time="0.000"/>
  <system-out>
    <![CDATA[f]]>
  </system-out>
  <testcase classname="testngflag.InvocationCountFlag" name="f" time="0.000"/>
  <system-out>
    <![CDATA[f]]>
  </system-out>
  <testcase classname="testngflag.InvocationCountFlag" name="f" time="0.001"/>
  <system-out>
    <![CDATA[f]]>
  </system-out>
  <testcase classname="testngflag.InvocationCountFlag" name="f" time="0.001"/>
  <system-out>
    <![CDATA[f]]>
  </system-out>
  <testcase classname="testngflag.InvocationCountFlag" name="f" time="0.000"/>
  <system-out>
    <![CDATA[f]]>
  </system-out>
  <testcase classname="testngflag.InvocationCountFlag" name="f" time="0.015"/>
  <system-out>
    <![CDATA[f]]>
  </system-out>
  <testcase classname="testngflag.InvocationCountFlag" name="f" time="0.001"/>
  <system-out>
    <![CDATA[f]]>
  </system-out>
  <testcase classname="testngflag.InvocationCountFlag" name="f" time="0.000"/>
  <system-out>
    <![CDATA[f]]>
  </system-out>
  <testcase classname="testngflag.InvocationCountFlag" name="f" time="0.000"/>
  <system-out>
    <![CDATA[f]]>
  </system-out>
  <testcase classname="testngflag.InvocationCountFlag" name="f" time="0.000"/>
  <system-out>
    <![CDATA[f]]>
  </system-out>
  <testcase classname="testngflag.InvocationCountFlag" name="f" time="0.000"/>
  <system-out>
    <![CDATA[f]]>
  </system-out>
  <testcase classname="testngflag.InvocationCountFlag" name="f" time="0.000"/>
  <system-out>
    <![CDATA[f]]>
  </system-out>
  <testcase classname="testngflag.InvocationCountFlag" name="f" time="0.000"/>
  <system-out>
    <![CDATA[f]]>
  </system-out>
  <testcase classname="testngflag.InvocationCountFlag" name="f" time="0.000"/>
  <system-out>
    <![CDATA[f]]>
  </system-out>
  <testcase classname="testngflag.InvocationCountFlag" name="f" time="0.001"/>
  <system-out>
    <![CDATA[f]]>
  </system-out>
  <testcase classname="testngflag.InvocationCountFlag" name="f" time="0.000"/>
  <system-out>
    <![CDATA[f]]>
  </system-out>
  <testcase classname="testngflag.InvocationCountFlag" name="f" time="0.000"/>
  <system-out>
    <![CDATA[f]]>
  </system-out>
  <testcase classname="testngflag.InvocationCountFlag" name="f" time="0.001"/>
  <system-out>
    <![CDATA[f]]>
  </system-out>
  <testcase classname="testngflag.InvocationCountFlag" name="f" time="0.001"/>
  <system-out>
    <![CDATA[f]]>
  </system-out>
  <testcase classname="testngflag.InvocationCountFlag" name="f" time="0.002"/>
  <system-out>
    <![CDATA[f]]>
  </system-out>
  <testcase classname="testngflag.InvocationCountFlag" name="f" time="0.001"/>
  <system-out>
    <![CDATA[f]]>
  </system-out>
  <testcase classname="testngflag.InvocationCountFlag" name="f" time="0.001"/>
  <system-out>
    <![CDATA[f]]>
  </system-out>
  <testcase classname="testngflag.InvocationCountFlag" name="f" time="0.003"/>
  <system-out>
    <![CDATA[f]]>
  </system-out>
  <testcase classname="testngflag.InvocationCountFlag" name="f" time="0.000"/>
  <system-out>
    <![CDATA[f]]>
  </system-out>
  <testcase classname="testngflag.InvocationCountFlag" name="f" time="0.001"/>
  <system-out>
    <![CDATA[f]]>
  </system-out>
  <testcase classname="testngflag.InvocationCountFlag" name="f" time="0.001"/>
  <system-out>
    <![CDATA[f]]>
  </system-out>
  <testcase classname="testngflag.InvocationCountFlag" name="f" time="0.000"/>
  <system-out>
    <![CDATA[f]]>
  </system-out>
  <testcase classname="testngflag.InvocationCountFlag" name="f" time="0.000"/>
  <system-out>
    <![CDATA[f]]>
  </system-out>
  <testcase classname="testngflag.InvocationCountFlag" name="f" time="0.002"/>
  <system-out>
    <![CDATA[f]]>
  </system-out>
  <testcase classname="testngflag.InvocationCountFlag" name="f" time="0.000"/>
  <system-out>
    <![CDATA[f]]>
  </system-out>
  <testcase classname="testngflag.InvocationCountFlag" name="f" time="0.000"/>
  <system-out>
    <![CDATA[f]]>
  </system-out>
  <testcase classname="testngflag.InvocationCountFlag" name="f" time="0.001"/>
  <system-out>
    <![CDATA[f]]>
  </system-out>
  <testcase classname="testngflag.InvocationCountFlag" name="f" time="0.000"/>
  <system-out>
    <![CDATA[f]]>
  </system-out>
  <testcase classname="testngflag.InvocationCountFlag" name="f" time="0.000"/>
  <system-out>
    <![CDATA[f]]>
  </system-out>
  <testcase classname="testngflag.InvocationCountFlag" name="f" time="0.000"/>
  <system-out>
    <![CDATA[f]]>
  </system-out>
  <testcase classname="testngflag.InvocationCountFlag" name="f" time="0.001"/>
  <system-out>
    <![CDATA[f]]>
  </system-out>
  <testcase classname="testngflag.InvocationCountFlag" name="f" time="0.000"/>
  <system-out>
    <![CDATA[f]]>
  </system-out>
  <testcase classname="testngflag.InvocationCountFlag" name="f" time="0.003"/>
  <system-out>
    <![CDATA[f]]>
  </system-out>
  <testcase classname="testngflag.InvocationCountFlag" name="f" time="0.000"/>
  <system-out>
    <![CDATA[f]]>
  </system-out>
  <testcase classname="testngflag.InvocationCountFlag" name="f" time="0.000"/>
  <system-out>
    <![CDATA[f]]>
  </system-out>
  <testcase classname="testngflag.InvocationCountFlag" name="f" time="0.001"/>
  <system-out>
    <![CDATA[f]]>
  </system-out>
  <testcase classname="testngflag.InvocationCountFlag" name="f" time="0.001"/>
  <system-out>
    <![CDATA[f]]>
  </system-out>
  <testcase classname="testngflag.InvocationCountFlag" name="f" time="0.000"/>
  <system-out>
    <![CDATA[f]]>
  </system-out>
  <testcase classname="testngflag.InvocationCountFlag" name="f" time="0.001"/>
  <system-out>
    <![CDATA[f]]>
  </system-out>
  <testcase classname="testngflag.InvocationCountFlag" name="f" time="0.001"/>
  <system-out>
    <![CDATA[f]]>
  </system-out>
  <testcase classname="testngflag.InvocationCountFlag" name="f" time="0.000"/>
  <system-out>
    <![CDATA[f]]>
  </system-out>
  <testcase classname="testngflag.InvocationCountFlag" name="f" time="0.000"/>
  <system-out>
    <![CDATA[f]]>
  </system-out>
  <testcase classname="testngflag.InvocationCountFlag" name="f" time="0.000"/>
  <system-out>
    <![CDATA[f]]>
  </system-out>
  <testcase classname="testngflag.InvocationCountFlag" name="f" time="0.001"/>
  <system-out>
    <![CDATA[f]]>
  </system-out>
  <testcase classname="testngflag.InvocationCountFlag" name="f" time="0.001"/>
  <system-out>
    <![CDATA[f]]>
  </system-out>
  <testcase classname="testngflag.InvocationCountFlag" name="f" time="0.001"/>
  <system-out>
    <![CDATA[f]]>
  </system-out>
  <testcase classname="testngflag.InvocationCountFlag" name="f" time="0.001"/>
  <system-out>
    <![CDATA[f]]>
  </system-out>
  <testcase classname="testngflag.InvocationCountFlag" name="f" time="0.000"/>
  <system-out>
    <![CDATA[f]]>
  </system-out>
  <testcase classname="testngflag.InvocationCountFlag" name="f" time="0.000"/>
  <system-out>
    <![CDATA[f]]>
  </system-out>
  <testcase classname="testngflag.InvocationCountFlag" name="f" time="0.000"/>
  <system-out>
    <![CDATA[f]]>
  </system-out>
  <testcase classname="testngflag.InvocationCountFlag" name="f" time="0.003"/>
  <system-out>
    <![CDATA[f]]>
  </system-out>
  <testcase classname="testngflag.InvocationCountFlag" name="f" time="0.000"/>
  <system-out>
    <![CDATA[f]]>
  </system-out>
  <testcase classname="testngflag.InvocationCountFlag" name="f" time="0.001"/>
  <system-out>
    <![CDATA[f]]>
  </system-out>
  <testcase classname="testngflag.InvocationCountFlag" name="f" time="0.000"/>
  <system-out>
    <![CDATA[f]]>
  </system-out>
  <testcase classname="testngflag.InvocationCountFlag" name="f" time="0.000"/>
  <system-out>
    <![CDATA[f]]>
  </system-out>
  <testcase classname="testngflag.InvocationCountFlag" name="f" time="0.000"/>
  <system-out>
    <![CDATA[f]]>
  </system-out>
  <testcase classname="testngflag.InvocationCountFlag" name="f" time="0.000"/>
  <system-out>
    <![CDATA[f]]>
  </system-out>
  <testcase classname="testngflag.InvocationCountFlag" name="f" time="0.001"/>
  <system-out>
    <![CDATA[f]]>
  </system-out>
  <testcase classname="testngflag.InvocationCountFlag" name="f" time="0.000"/>
  <system-out>
    <![CDATA[f]]>
  </system-out>
  <testcase classname="testngflag.InvocationCountFlag" name="f" time="0.000"/>
  <system-out>
    <![CDATA[f]]>
  </system-out>
  <testcase classname="testngflag.InvocationCountFlag" name="f" time="0.000"/>
  <system-out>
    <![CDATA[f]]>
  </system-out>
  <testcase classname="testngflag.InvocationCountFlag" name="f" time="0.000"/>
  <system-out>
    <![CDATA[f]]>
  </system-out>
  <testcase classname="testngflag.InvocationCountFlag" name="f" time="0.000"/>
  <system-out>
    <![CDATA[f]]>
  </system-out>
  <testcase classname="testngflag.InvocationCountFlag" name="f" time="0.000"/>
  <system-out>
    <![CDATA[f]]>
  </system-out>
  <testcase classname="testngflag.InvocationCountFlag" name="f" time="0.000"/>
  <system-out>
    <![CDATA[f]]>
  </system-out>
  <testcase classname="testngflag.InvocationCountFlag" name="f" time="0.001"/>
  <system-out>
    <![CDATA[f]]>
  </system-out>
  <testcase classname="testngflag.InvocationCountFlag" name="f" time="0.000"/>
  <system-out>
    <![CDATA[f]]>
  </system-out>
  <testcase classname="testngflag.InvocationCountFlag" name="f" time="0.000"/>
  <system-out>
    <![CDATA[f]]>
  </system-out>
  <testcase classname="testngflag.InvocationCountFlag" name="f" time="0.000"/>
  <system-out>
    <![CDATA[f]]>
  </system-out>
  <testcase classname="testngflag.InvocationCountFlag" name="f" time="0.001"/>
  <system-out>
    <![CDATA[f]]>
  </system-out>
  <testcase classname="testngflag.InvocationCountFlag" name="f" time="0.001"/>
  <system-out>
    <![CDATA[f]]>
  </system-out>
  <testcase classname="testngflag.InvocationCountFlag" name="f" time="0.003"/>
  <system-out>
    <![CDATA[f]]>
  </system-out>
  <testcase classname="testngflag.InvocationCountFlag" name="f" time="0.000"/>
  <system-out>
    <![CDATA[f]]>
  </system-out>
  <testcase classname="testngflag.InvocationCountFlag" name="f" time="0.000"/>
  <system-out>
    <![CDATA[f]]>
  </system-out>
  <testcase classname="testngflag.InvocationCountFlag" name="f" time="0.000"/>
  <system-out>
    <![CDATA[f]]>
  </system-out>
  <testcase classname="testngflag.InvocationCountFlag" name="f" time="0.002"/>
  <system-out>
    <![CDATA[f]]>
  </system-out>
  <testcase classname="testngflag.InvocationCountFlag" name="f" time="0.001"/>
  <system-out>
    <![CDATA[f]]>
  </system-out>
  <testcase classname="testngflag.InvocationCountFlag" name="f" time="0.001"/>
  <system-out>
    <![CDATA[f]]>
  </system-out>
  <testcase classname="testngflag.InvocationCountFlag" name="f" time="0.000"/>
  <system-out>
    <![CDATA[f]]>
  </system-out>
  <testcase classname="testngflag.InvocationCountFlag" name="f" time="0.002"/>
  <system-out>
    <![CDATA[f]]>
  </system-out>
  <testcase classname="testngflag.InvocationCountFlag" name="f" time="0.001"/>
  <system-out>
    <![CDATA[f]]>
  </system-out>
  <testcase classname="testngflag.InvocationCountFlag" name="f" time="0.001"/>
  <system-out>
    <![CDATA[f]]>
  </system-out>
  <testcase classname="testngflag.InvocationCountFlag" name="f" time="0.000"/>
  <system-out>
    <![CDATA[f]]>
  </system-out>
  <testcase classname="testngflag.InvocationCountFlag" name="f" time="0.000"/>
  <system-out>
    <![CDATA[f]]>
  </system-out>
  <testcase classname="testngflag.InvocationCountFlag" name="f" time="0.000"/>
  <system-out>
    <![CDATA[f]]>
  </system-out>
  <testcase classname="testngflag.InvocationCountFlag" name="f" time="0.000"/>
  <system-out>
    <![CDATA[f]]>
  </system-out>
  <testcase classname="testngflag.InvocationCountFlag" name="f" time="0.000"/>
  <system-out>
    <![CDATA[f]]>
  </system-out>
  <testcase classname="testngflag.InvocationCountFlag" name="f" time="0.000"/>
  <system-out>
    <![CDATA[f]]>
  </system-out>
  <testcase classname="testngflag.InvocationCountFlag" name="f" time="0.002"/>
  <system-out>
    <![CDATA[f]]>
  </system-out>
  <testcase classname="testngflag.InvocationCountFlag" name="f" time="0.000"/>
  <system-out>
    <![CDATA[f]]>
  </system-out>
  <testcase classname="testngflag.InvocationCountFlag" name="f" time="0.001"/>
  <system-out>
    <![CDATA[f]]>
  </system-out>
  <testcase classname="testngflag.InvocationCountFlag" name="f" time="0.001"/>
  <system-out>
    <![CDATA[f]]>
  </system-out>
  <testcase classname="testngflag.InvocationCountFlag" name="f" time="0.000"/>
  <system-out>
    <![CDATA[f]]>
  </system-out>
  <testcase classname="testngflag.InvocationCountFlag" name="f" time="0.001"/>
  <system-out>
    <![CDATA[f]]>
  </system-out>
  <testcase classname="testngflag.InvocationCountFlag" name="f" time="0.001"/>
  <system-out>
    <![CDATA[f]]>
  </system-out>
  <testcase classname="testngflag.InvocationCountFlag" name="f" time="0.000"/>
  <system-out>
    <![CDATA[f]]>
  </system-out>
  <testcase classname="testngflag.InvocationCountFlag" name="f" time="0.000"/>
  <system-out>
    <![CDATA[f]]>
  </system-out>
  <testcase classname="testngflag.InvocationCountFlag" name="f" time="0.000"/>
  <system-out>
    <![CDATA[f]]>
  </system-out>
  <testcase classname="testngflag.InvocationCountFlag" name="f" time="0.000"/>
  <system-out>
    <![CDATA[f]]>
  </system-out>
  <testcase classname="testngflag.InvocationCountFlag" name="f" time="0.001"/>
  <system-out>
    <![CDATA[f]]>
  </system-out>
  <testcase classname="testngflag.InvocationCountFlag" name="f" time="0.000"/>
  <system-out>
    <![CDATA[f]]>
  </system-out>
  <testcase classname="testngflag.InvocationCountFlag" name="f" time="0.001"/>
  <system-out>
    <![CDATA[f]]>
  </system-out>
  <testcase classname="testngflag.InvocationCountFlag" name="f" time="0.000"/>
  <system-out>
    <![CDATA[f]]>
  </system-out>
  <testcase classname="testngflag.InvocationCountFlag" name="f" time="0.000"/>
  <system-out>
    <![CDATA[f]]>
  </system-out>
  <testcase classname="testngflag.InvocationCountFlag" name="f" time="0.000"/>
  <system-out>
    <![CDATA[f]]>
  </system-out>
  <testcase classname="testngflag.InvocationCountFlag" name="f" time="0.000"/>
  <system-out>
    <![CDATA[f]]>
  </system-out>
  <testcase classname="testngflag.InvocationCountFlag" name="f" time="0.000"/>
  <system-out>
    <![CDATA[f]]>
  </system-out>
  <testcase classname="testngflag.InvocationCountFlag" name="f" time="0.001"/>
  <system-out>
    <![CDATA[f]]>
  </system-out>
  <testcase classname="testngflag.InvocationCountFlag" name="f" time="0.000"/>
  <system-out>
    <![CDATA[f]]>
  </system-out>
  <testcase classname="testngflag.InvocationCountFlag" name="f" time="0.001"/>
  <system-out>
    <![CDATA[f]]>
  </system-out>
  <testcase classname="testngflag.InvocationCountFlag" name="f" time="0.001"/>
  <system-out>
    <![CDATA[f]]>
  </system-out>
  <testcase classname="testngflag.InvocationCountFlag" name="f" time="0.000"/>
  <system-out>
    <![CDATA[f]]>
  </system-out>
  <testcase classname="testngflag.InvocationCountFlag" name="f" time="0.000"/>
  <system-out>
    <![CDATA[f]]>
  </system-out>
  <testcase classname="testngflag.InvocationCountFlag" name="f" time="0.000"/>
  <system-out>
    <![CDATA[f]]>
  </system-out>
  <testcase classname="testngflag.InvocationCountFlag" name="f" time="0.001"/>
  <system-out>
    <![CDATA[f]]>
  </system-out>
  <testcase classname="testngflag.InvocationCountFlag" name="f" time="0.001"/>
  <system-out>
    <![CDATA[f]]>
  </system-out>
  <testcase classname="testngflag.InvocationCountFlag" name="f" time="0.000"/>
  <system-out>
    <![CDATA[f]]>
  </system-out>
  <testcase classname="testngflag.InvocationCountFlag" name="f" time="0.000"/>
  <system-out>
    <![CDATA[f]]>
  </system-out>
  <testcase classname="testngflag.InvocationCountFlag" name="f" time="0.000"/>
  <system-out>
    <![CDATA[f]]>
  </system-out>
  <testcase classname="testngflag.InvocationCountFlag" name="f" time="0.000"/>
  <system-out>
    <![CDATA[f]]>
  </system-out>
  <testcase classname="testngflag.InvocationCountFlag" name="f" time="0.001"/>
  <system-out>
    <![CDATA[f]]>
  </system-out>
  <testcase classname="testngflag.InvocationCountFlag" name="f" time="0.001"/>
  <system-out>
    <![CDATA[f]]>
  </system-out>
  <testcase classname="testngflag.InvocationCountFlag" name="f" time="0.000"/>
  <system-out>
    <![CDATA[f]]>
  </system-out>
  <testcase classname="testngflag.InvocationCountFlag" name="f" time="0.000"/>
  <system-out>
    <![CDATA[f]]>
  </system-out>
  <testcase classname="testngflag.InvocationCountFlag" name="f" time="0.000"/>
  <system-out>
    <![CDATA[f]]>
  </system-out>
  <testcase classname="testngflag.InvocationCountFlag" name="f" time="0.000"/>
  <system-out>
    <![CDATA[f]]>
  </system-out>
  <testcase classname="testngflag.InvocationCountFlag" name="f" time="0.001"/>
  <system-out>
    <![CDATA[f]]>
  </system-out>
  <testcase classname="testngflag.InvocationCountFlag" name="f" time="0.001"/>
  <system-out>
    <![CDATA[f]]>
  </system-out>
  <testcase classname="testngflag.InvocationCountFlag" name="f" time="0.000"/>
  <system-out>
    <![CDATA[f]]>
  </system-out>
  <testcase classname="testngflag.InvocationCountFlag" name="f" time="0.000"/>
  <system-out>
    <![CDATA[f]]>
  </system-out>
  <testcase classname="testngflag.InvocationCountFlag" name="f" time="0.000"/>
  <system-out>
    <![CDATA[f]]>
  </system-out>
  <testcase classname="testngflag.InvocationCountFlag" name="f" time="0.000"/>
  <system-out>
    <![CDATA[f]]>
  </system-out>
  <testcase classname="testngflag.InvocationCountFlag" name="f" time="0.000"/>
  <system-out>
    <![CDATA[f]]>
  </system-out>
  <testcase classname="testngflag.InvocationCountFlag" name="f" time="0.000"/>
  <system-out>
    <![CDATA[f]]>
  </system-out>
  <testcase classname="testngflag.InvocationCountFlag" name="f" time="0.000"/>
  <system-out>
    <![CDATA[f]]>
  </system-out>
  <testcase classname="testngflag.InvocationCountFlag" name="f" time="0.001"/>
  <system-out>
    <![CDATA[f]]>
  </system-out>
  <testcase classname="testngflag.InvocationCountFlag" name="f" time="0.000"/>
  <system-out>
    <![CDATA[f]]>
  </system-out>
  <testcase classname="testngflag.InvocationCountFlag" name="f" time="0.000"/>
  <system-out>
    <![CDATA[f]]>
  </system-out>
  <testcase classname="testngflag.InvocationCountFlag" name="f" time="0.000"/>
  <system-out>
    <![CDATA[f]]>
  </system-out>
  <testcase classname="testngflag.InvocationCountFlag" name="f" time="0.000"/>
  <system-out>
    <![CDATA[f]]>
  </system-out>
  <testcase classname="testngflag.InvocationCountFlag" name="f" time="0.003"/>
  <system-out>
    <![CDATA[f]]>
  </system-out>
  <testcase classname="testngflag.InvocationCountFlag" name="f" time="0.001"/>
  <system-out>
    <![CDATA[f]]>
  </system-out>
  <testcase classname="testngflag.InvocationCountFlag" name="f" time="0.001"/>
  <system-out>
    <![CDATA[f]]>
  </system-out>
  <testcase classname="testngflag.InvocationCountFlag" name="f" time="0.000"/>
  <system-out>
    <![CDATA[f]]>
  </system-out>
  <testcase classname="testngflag.InvocationCountFlag" name="f" time="0.000"/>
  <system-out>
    <![CDATA[f]]>
  </system-out>
  <testcase classname="testngflag.InvocationCountFlag" name="f" time="0.000"/>
  <system-out>
    <![CDATA[f]]>
  </system-out>
  <testcase classname="testngflag.InvocationCountFlag" name="f" time="0.001"/>
  <system-out>
    <![CDATA[f]]>
  </system-out>
  <testcase classname="testngflag.InvocationCountFlag" name="f" time="0.000"/>
  <system-out>
    <![CDATA[f]]>
  </system-out>
  <testcase classname="testngflag.InvocationCountFlag" name="f" time="0.000"/>
  <system-out>
    <![CDATA[f]]>
  </system-out>
  <testcase classname="testngflag.InvocationCountFlag" name="f" time="0.000"/>
  <system-out>
    <![CDATA[f]]>
  </system-out>
  <testcase classname="testngflag.InvocationCountFlag" name="f" time="0.001"/>
  <system-out>
    <![CDATA[f]]>
  </system-out>
  <testcase classname="testngflag.InvocationCountFlag" name="f" time="0.000"/>
  <system-out>
    <![CDATA[f]]>
  </system-out>
  <testcase classname="testngflag.InvocationCountFlag" name="f" time="0.000"/>
  <system-out>
    <![CDATA[f]]>
  </system-out>
  <testcase classname="testngflag.InvocationCountFlag" name="f" time="0.000"/>
  <system-out>
    <![CDATA[f]]>
  </system-out>
  <testcase classname="testngflag.InvocationCountFlag" name="f" time="0.000"/>
  <system-out>
    <![CDATA[f]]>
  </system-out>
  <testcase classname="testngflag.InvocationCountFlag" name="f" time="0.001"/>
  <system-out>
    <![CDATA[f]]>
  </system-out>
  <testcase classname="testngflag.InvocationCountFlag" name="f" time="0.001"/>
  <system-out>
    <![CDATA[f]]>
  </system-out>
  <testcase classname="testngflag.InvocationCountFlag" name="f" time="0.000"/>
  <system-out>
    <![CDATA[f]]>
  </system-out>
  <testcase classname="testngflag.InvocationCountFlag" name="f" time="0.000"/>
  <system-out>
    <![CDATA[f]]>
  </system-out>
  <testcase classname="testngflag.InvocationCountFlag" name="f" time="0.000"/>
  <system-out>
    <![CDATA[f]]>
  </system-out>
  <testcase classname="testngflag.InvocationCountFlag" name="f" time="0.000"/>
  <system-out>
    <![CDATA[f]]>
  </system-out>
  <testcase classname="testngflag.InvocationCountFlag" name="f" time="0.001"/>
  <system-out>
    <![CDATA[f]]>
  </system-out>
  <testcase classname="testngflag.InvocationCountFlag" name="f" time="0.001"/>
  <system-out>
    <![CDATA[f]]>
  </system-out>
  <testcase classname="testngflag.InvocationCountFlag" name="f" time="0.001"/>
  <system-out>
    <![CDATA[f]]>
  </system-out>
  <testcase classname="testngflag.InvocationCountFlag" name="f" time="0.000"/>
  <system-out>
    <![CDATA[f]]>
  </system-out>
  <testcase classname="testngflag.InvocationCountFlag" name="f" time="0.000"/>
  <system-out>
    <![CDATA[f]]>
  </system-out>
  <testcase classname="testngflag.InvocationCountFlag" name="f" time="0.000"/>
  <system-out>
    <![CDATA[f]]>
  </system-out>
  <testcase classname="testngflag.InvocationCountFlag" name="f" time="0.000"/>
  <system-out>
    <![CDATA[f]]>
  </system-out>
  <testcase classname="testngflag.InvocationCountFlag" name="f" time="0.000"/>
  <system-out>
    <![CDATA[f]]>
  </system-out>
  <testcase classname="testngflag.InvocationCountFlag" name="f" time="0.000"/>
  <system-out>
    <![CDATA[f]]>
  </system-out>
  <testcase classname="testngflag.InvocationCountFlag" name="f" time="0.001"/>
  <system-out>
    <![CDATA[f]]>
  </system-out>
  <testcase classname="testngflag.InvocationCountFlag" name="f" time="0.001"/>
  <system-out>
    <![CDATA[f]]>
  </system-out>
  <testcase classname="testngflag.InvocationCountFlag" name="f" time="0.000"/>
  <system-out>
    <![CDATA[f]]>
  </system-out>
  <testcase classname="testngflag.InvocationCountFlag" name="f" time="0.000"/>
  <system-out>
    <![CDATA[f]]>
  </system-out>
  <testcase classname="testngflag.InvocationCountFlag" name="f" time="0.000"/>
  <system-out>
    <![CDATA[f]]>
  </system-out>
  <testcase classname="testngflag.InvocationCountFlag" name="f" time="0.001"/>
  <system-out>
    <![CDATA[f]]>
  </system-out>
  <testcase classname="testngflag.InvocationCountFlag" name="f" time="0.000"/>
  <system-out>
    <![CDATA[f]]>
  </system-out>
  <testcase classname="testngflag.InvocationCountFlag" name="f" time="0.001"/>
  <system-out>
    <![CDATA[f]]>
  </system-out>
  <testcase classname="testngflag.InvocationCountFlag" name="f" time="0.001"/>
  <system-out>
    <![CDATA[f]]>
  </system-out>
  <testcase classname="testngflag.InvocationCountFlag" name="f" time="0.000"/>
  <system-out>
    <![CDATA[f]]>
  </system-out>
  <testcase classname="testngflag.InvocationCountFlag" name="f" time="0.000"/>
  <system-out>
    <![CDATA[f]]>
  </system-out>
  <testcase classname="testngflag.InvocationCountFlag" name="f" time="0.000"/>
  <system-out>
    <![CDATA[f]]>
  </system-out>
  <testcase classname="testngflag.InvocationCountFlag" name="f" time="0.001"/>
  <system-out>
    <![CDATA[f]]>
  </system-out>
  <testcase classname="testngflag.InvocationCountFlag" name="f" time="0.004"/>
  <system-out>
    <![CDATA[f]]>
  </system-out>
  <testcase classname="testngflag.InvocationCountFlag" name="f" time="0.000"/>
  <system-out>
    <![CDATA[f]]>
  </system-out>
  <testcase classname="testngflag.InvocationCountFlag" name="f" time="0.002"/>
  <system-out>
    <![CDATA[f]]>
  </system-out>
  <testcase classname="testngflag.InvocationCountFlag" name="f" time="0.000"/>
  <system-out>
    <![CDATA[f]]>
  </system-out>
  <testcase classname="testngflag.InvocationCountFlag" name="f" time="0.002"/>
  <system-out>
    <![CDATA[f]]>
  </system-out>
  <testcase classname="testngflag.InvocationCountFlag" name="f" time="0.001"/>
  <system-out>
    <![CDATA[f]]>
  </system-out>
  <testcase classname="testngflag.InvocationCountFlag" name="f" time="0.000"/>
  <system-out>
    <![CDATA[f]]>
  </system-out>
  <testcase classname="testngflag.InvocationCountFlag" name="f" time="0.000"/>
  <system-out>
    <![CDATA[f]]>
  </system-out>
  <testcase classname="testngflag.InvocationCountFlag" name="f" time="0.001"/>
  <system-out>
    <![CDATA[f]]>
  </system-out>
  <testcase classname="testngflag.InvocationCountFlag" name="f" time="0.000"/>
  <system-out>
    <![CDATA[f]]>
  </system-out>
  <testcase classname="testngflag.InvocationCountFlag" name="f" time="0.000"/>
  <system-out>
    <![CDATA[f]]>
  </system-out>
  <testcase classname="testngflag.InvocationCountFlag" name="f" time="0.001"/>
  <system-out>
    <![CDATA[f]]>
  </system-out>
  <testcase classname="testngflag.InvocationCountFlag" name="f" time="0.043"/>
  <system-out>
    <![CDATA[f]]>
  </system-out>
  <testcase classname="testngflag.InvocationCountFlag" name="f" time="0.002"/>
  <system-out>
    <![CDATA[f]]>
  </system-out>
  <testcase classname="testngflag.InvocationCountFlag" name="f" time="0.001"/>
  <system-out>
    <![CDATA[f]]>
  </system-out>
  <testcase classname="testngflag.InvocationCountFlag" name="f" time="0.001"/>
  <system-out>
    <![CDATA[f]]>
  </system-out>
  <testcase classname="testngflag.InvocationCountFlag" name="f" time="0.001"/>
  <system-out>
    <![CDATA[f]]>
  </system-out>
  <testcase classname="testngflag.InvocationCountFlag" name="f" time="0.007"/>
  <system-out>
    <![CDATA[f]]>
  </system-out>
  <testcase classname="testngflag.InvocationCountFlag" name="f" time="0.001"/>
  <system-out>
    <![CDATA[f]]>
  </system-out>
  <testcase classname="testngflag.InvocationCountFlag" name="f" time="0.000"/>
  <system-out>
    <![CDATA[f]]>
  </system-out>
  <testcase classname="testngflag.InvocationCountFlag" name="f" time="0.001"/>
  <system-out>
    <![CDATA[f]]>
  </system-out>
  <testcase classname="testngflag.InvocationCountFlag" name="f" time="0.000"/>
  <system-out>
    <![CDATA[f]]>
  </system-out>
  <testcase classname="testngflag.InvocationCountFlag" name="f" time="0.001"/>
  <system-out>
    <![CDATA[f]]>
  </system-out>
  <testcase classname="testngflag.InvocationCountFlag" name="f" time="0.001"/>
  <system-out>
    <![CDATA[f]]>
  </system-out>
  <testcase classname="testngflag.InvocationCountFlag" name="f" time="0.001"/>
  <system-out>
    <![CDATA[f]]>
  </system-out>
  <testcase classname="testngflag.InvocationCountFlag" name="f" time="0.001"/>
  <system-out>
    <![CDATA[f]]>
  </system-out>
  <testcase classname="testngflag.InvocationCountFlag" name="f" time="0.000"/>
  <system-out>
    <![CDATA[f]]>
  </system-out>
  <testcase classname="testngflag.InvocationCountFlag" name="f" time="0.003"/>
  <system-out>
    <![CDATA[f]]>
  </system-out>
  <testcase classname="testngflag.InvocationCountFlag" name="f" time="0.000"/>
  <system-out>
    <![CDATA[f]]>
  </system-out>
  <testcase classname="testngflag.InvocationCountFlag" name="f" time="0.000"/>
  <system-out>
    <![CDATA[f]]>
  </system-out>
  <testcase classname="testngflag.InvocationCountFlag" name="f" time="0.000"/>
  <system-out>
    <![CDATA[f]]>
  </system-out>
  <testcase classname="testngflag.InvocationCountFlag" name="f" time="0.002"/>
  <system-out>
    <![CDATA[f]]>
  </system-out>
  <testcase classname="testngflag.InvocationCountFlag" name="f" time="0.000"/>
  <system-out>
    <![CDATA[f]]>
  </system-out>
  <testcase classname="testngflag.InvocationCountFlag" name="f" time="0.000"/>
  <system-out>
    <![CDATA[f]]>
  </system-out>
  <testcase classname="testngflag.InvocationCountFlag" name="f" time="0.001"/>
  <system-out>
    <![CDATA[f]]>
  </system-out>
  <testcase classname="testngflag.InvocationCountFlag" name="f" time="0.000"/>
  <system-out>
    <![CDATA[f]]>
  </system-out>
  <testcase classname="testngflag.InvocationCountFlag" name="f" time="0.000"/>
  <system-out>
    <![CDATA[f]]>
  </system-out>
  <testcase classname="testngflag.InvocationCountFlag" name="f" time="0.001"/>
  <system-out>
[...]
  <system-out>
    <![CDATA[f]]>
  </system-out>
  <testcase classname="testngflag.InvocationCountFlag" name="f" time="0.000"/>
  <system-out>
    <![CDATA[f]]>
  </system-out>
  <testcase classname="testngflag.InvocationCountFlag" name="f" time="0.000"/>
  <system-out>
    <![CDATA[f]]>
  </system-out>
  <testcase classname="testngflag.InvocationCountFlag" name="f" time="0.000"/>
  <system-out>
    <![CDATA[f]]>
  </system-out>
  <testcase classname="testngflag.InvocationCountFlag" name="f" time="0.001"/>
  <system-out>
    <![CDATA[f]]>
  </system-out>
  <testcase classname="testngflag.InvocationCountFlag" name="f" time="0.000"/>
  <system-out>
    <![CDATA[f]]>
  </system-out>
  <testcase classname="testngflag.InvocationCountFlag" name="f" time="0.000"/>
  <system-out>
    <![CDATA[f]]>
  </system-out>
  <testcase classname="testngflag.InvocationCountFlag" name="f" time="0.001"/>
  <system-out>
    <![CDATA[f]]>
  </system-out>
  <testcase classname="testngflag.InvocationCountFlag" name="f" time="0.000"/>
  <system-out>
    <![CDATA[f]]>
  </system-out>
  <testcase classname="testngflag.InvocationCountFlag" name="f" time="0.000"/>
  <system-out>
    <![CDATA[f]]>
  </system-out>
  <testcase classname="testngflag.InvocationCountFlag" name="f" time="0.000"/>
  <system-out>
    <![CDATA[f]]>
  </system-out>
  <testcase classname="testngflag.InvocationCountFlag" name="f" time="0.000"/>
  <system-out>
    <![CDATA[f]]>
  </system-out>
  <testcase classname="testngflag.InvocationCountFlag" name="f" time="0.000"/>
  <system-out>
    <![CDATA[f]]>
  </system-out>
  <testcase classname="testngflag.InvocationCountFlag" name="f" time="0.000"/>
  <system-out>
    <![CDATA[f]]>
  </system-out>
  <testcase classname="testngflag.InvocationCountFlag" name="f" time="0.001"/>
  <system-out>
    <![CDATA[f]]>
  </system-out>
  <testcase classname="testngflag.InvocationCountFlag" name="f" time="0.003"/>
  <system-out>
    <![CDATA[f]]>
  </system-out>
  <testcase classname="testngflag.InvocationCountFlag" name="f" time="0.001"/>
  <system-out>
    <![CDATA[f]]>
  </system-out>
  <testcase classname="testngflag.InvocationCountFlag" name="f" time="0.000"/>
  <system-out>
    <![CDATA[f]]>
  </system-out>
  <testcase classname="testngflag.InvocationCountFlag" name="f" time="0.000"/>
  <system-out>
    <![CDATA[f]]>
  </system-out>
  <testcase classname="testngflag.InvocationCountFlag" name="f" time="0.000"/>
  <system-out>
    <![CDATA[f]]>
  </system-out>
  <testcase classname="testngflag.InvocationCountFlag" name="f" time="0.001"/>
  <system-out>
    <![CDATA[f]]>
  </system-out>
  <testcase classname="testngflag.InvocationCountFlag" name="f" time="0.000"/>
  <system-out>
    <![CDATA[f]]>
  </system-out>
  <testcase classname="testngflag.InvocationCountFlag" name="f" time="0.000"/>
  <system-out>
    <![CDATA[f]]>
  </system-out>
  <testcase classname="testngflag.InvocationCountFlag" name="f" time="0.001"/>
  <system-out>
    <![CDATA[f]]>
  </system-out>
  <testcase classname="testngflag.InvocationCountFlag" name="f" time="0.000"/>
  <system-out>
    <![CDATA[f]]>
  </system-out>
  <testcase classname="testngflag.InvocationCountFlag" name="f" time="0.001"/>
  <system-out>
    <![CDATA[f]]>
  </system-out>
  <testcase classname="testngflag.InvocationCountFlag" name="f" time="0.001"/>
  <system-out>
    <![CDATA[f]]>
  </system-out>
  <testcase classname="testngflag.InvocationCountFlag" name="f" time="0.000"/>
  <system-out>
    <![CDATA[f]]>
  </system-out>
  <testcase classname="testngflag.InvocationCountFlag" name="f" time="0.000"/>
  <system-out>
    <![CDATA[f]]>
  </system-out>
  <testcase classname="testngflag.InvocationCountFlag" name="f" time="0.000"/>
  <system-out>
    <![CDATA[f]]>
  </system-out>
  <testcase classname="testngflag.InvocationCountFlag" name="f" time="0.000"/>
  <system-out>
    <![CDATA[f]]>
  </system-out>
  <testcase classname="testngflag.InvocationCountFlag" name="f" time="0.000"/>
  <system-out>
    <![CDATA[f]]>
  </system-out>
  <testcase classname="testngflag.InvocationCountFlag" name="f" time="0.000"/>
  <system-out>
    <![CDATA[f]]>
  </system-out>
  <testcase classname="testngflag.InvocationCountFlag" name="f" time="0.000"/>
  <system-out>
    <![CDATA[f]]>
  </system-out>
  <testcase classname="testngflag.InvocationCountFlag" name="f" time="0.000"/>
  <system-out>
    <![CDATA[f]]>
  </system-out>
  <testcase classname="testngflag.InvocationCountFlag" name="f" time="0.000"/>
  <system-out>
    <![CDATA[f]]>
  </system-out>
  <testcase classname="testngflag.InvocationCountFlag" name="f" time="0.000"/>
  <system-out>
    <![CDATA[f]]>
  </system-out>
  <testcase classname="testngflag.InvocationCountFlag" name="f" time="0.002"/>
  <system-out>
    <![CDATA[f]]>
  </system-out>
  <testcase classname="testngflag.InvocationCountFlag" name="f" time="0.000"/>
  <system-out>
    <![CDATA[f]]>
  </system-out>
  <testcase classname="testngflag.InvocationCountFlag" name="f" time="0.000"/>
  <system-out>
    <![CDATA[f]]>
  </system-out>
  <testcase classname="testngflag.InvocationCountFlag" name="f" time="0.001"/>
  <system-out>
    <![CDATA[f]]>
  </system-out>
  <testcase classname="testngflag.InvocationCountFlag" name="f" time="0.000"/>
  <system-out>
    <![CDATA[f]]>
  </system-out>
  <testcase classname="testngflag.InvocationCountFlag" name="f" time="0.001"/>
  <system-out>
    <![CDATA[f]]>
  </system-out>
  <testcase classname="testngflag.InvocationCountFlag" name="f" time="0.000"/>
  <system-out>
    <![CDATA[f]]>
  </system-out>
  <testcase classname="testngflag.InvocationCountFlag" name="f" time="0.000"/>
  <system-out>
    <![CDATA[f]]>
  </system-out>
  <testcase classname="testngflag.InvocationCountFlag" name="f" time="0.001"/>
  <system-out>
    <![CDATA[f]]>
  </system-out>
  <testcase classname="testngflag.InvocationCountFlag" name="f" time="0.002"/>
  <system-out>
    <![CDATA[f]]>
  </system-out>
  <testcase classname="testngflag.InvocationCountFlag" name="f" time="0.000"/>
  <system-out>
    <![CDATA[f]]>
  </system-out>
  <testcase classname="testngflag.InvocationCountFlag" name="f" time="0.000"/>
  <system-out>
    <![CDATA[f]]>
  </system-out>
  <testcase classname="testngflag.InvocationCountFlag" name="f" time="0.000"/>
  <system-out>
    <![CDATA[f]]>
  </system-out>
  <testcase classname="testngflag.InvocationCountFlag" name="f" time="0.001"/>
  <system-out>
    <![CDATA[f]]>
  </system-out>
  <testcase classname="testngflag.InvocationCountFlag" name="f" time="0.001"/>
  <system-out>
    <![CDATA[f]]>
  </system-out>
  <testcase classname="testngflag.InvocationCountFlag" name="f" time="0.000"/>
  <system-out>
    <![CDATA[f]]>
  </system-out>
  <testcase classname="testngflag.InvocationCountFlag" name="f" time="0.001"/>
  <system-out>
    <![CDATA[f]]>
  </system-out>
  <testcase classname="testngflag.InvocationCountFlag" name="f" time="0.000"/>
  <system-out>
    <![CDATA[f]]>
  </system-out>
  <testcase classname="testngflag.InvocationCountFlag" name="f" time="0.000"/>
  <system-out>
    <![CDATA[f]]>
  </system-out>
  <testcase classname="testngflag.InvocationCountFlag" name="f" time="0.000"/>
  <system-out>
    <![CDATA[f]]>
  </system-out>
  <testcase classname="testngflag.InvocationCountFlag" name="f" time="0.002"/>
  <system-out>
    <![CDATA[f]]>
  </system-out>
  <testcase classname="testngflag.InvocationCountFlag" name="f" time="0.000"/>
  <system-out>
    <![CDATA[f]]>
  </system-out>
  <testcase classname="testngflag.InvocationCountFlag" name="f" time="0.000"/>
  <system-out>
    <![CDATA[f]]>
  </system-out>
  <testcase classname="testngflag.InvocationCountFlag" name="f" time="0.000"/>
  <system-out>
    <![CDATA[f]]>
  </system-out>
  <testcase classname="testngflag.InvocationCountFlag" name="f" time="0.001"/>
  <system-out>
    <![CDATA[f]]>
  </system-out>
  <testcase classname="testngflag.InvocationCountFlag" name="f" time="0.001"/>
  <system-out>
    <![CDATA[f]]>
  </system-out>
  <testcase classname="testngflag.InvocationCountFlag" name="f" time="0.001"/>
  <system-out>
    <![CDATA[f]]>
  </system-out>
  <testcase classname="testngflag.InvocationCountFlag" name="f" time="0.000"/>
  <system-out>
    <![CDATA[f]]>
  </system-out>
  <testcase classname="testngflag.InvocationCountFlag" name="f" time="0.000"/>
  <system-out>
    <![CDATA[f]]>
  </system-out>
  <testcase classname="testngflag.InvocationCountFlag" name="f" time="0.001"/>
  <system-out>
    <![CDATA[f]]>
  </system-out>
  <testcase classname="testngflag.InvocationCountFlag" name="f" time="0.000"/>
  <system-out>
    <![CDATA[f]]>
  </system-out>
  <testcase classname="testngflag.InvocationCountFlag" name="f" time="0.000"/>
  <system-out>
    <![CDATA[f]]>
  </system-out>
  <testcase classname="testngflag.InvocationCountFlag" name="f" time="0.001"/>
  <system-out>
    <![CDATA[f]]>
  </system-out>
  <testcase classname="testngflag.InvocationCountFlag" name="f" time="0.001"/>
  <system-out>
    <![CDATA[f]]>
  </system-out>
  <testcase classname="testngflag.InvocationCountFlag" name="f" time="0.000"/>
  <system-out>
    <![CDATA[f]]>
  </system-out>
  <testcase classname="testngflag.InvocationCountFlag" name="f" time="0.000"/>
  <system-out>
    <![CDATA[f]]>
  </system-out>
  <testcase classname="testngflag.InvocationCountFlag" name="f" time="0.000"/>
  <system-out>
    <![CDATA[f]]>
  </system-out>
  <testcase classname="testngflag.InvocationCountFlag" name="f" time="0.002"/>
  <system-out>
    <![CDATA[f]]>
  </system-out>
  <testcase classname="testngflag.InvocationCountFlag" name="f" time="0.000"/>
  <system-out>
    <![CDATA[f]]>
  </system-out>
  <testcase classname="testngflag.InvocationCountFlag" name="f" time="0.001"/>
  <system-out>
    <![CDATA[f]]>
  </system-out>
  <testcase classname="testngflag.InvocationCountFlag" name="f" time="0.001"/>
  <system-out>
    <![CDATA[f]]>
  </system-out>
  <testcase classname="testngflag.InvocationCountFlag" name="f" time="0.000"/>
  <system-out>
    <![CDATA[f]]>
  </system-out>
  <testcase classname="testngflag.InvocationCountFlag" name="f" time="0.000"/>
  <system-out>
    <![CDATA[f]]>
  </system-out>
  <testcase classname="testngflag.InvocationCountFlag" name="f" time="0.000"/>
  <system-out>
    <![CDATA[f]]>
  </system-out>
  <testcase classname="testngflag.InvocationCountFlag" name="f" time="0.000"/>
  <system-out>
    <![CDATA[f]]>
  </system-out>
  <testcase classname="testngflag.InvocationCountFlag" name="f" time="0.000"/>
  <system-out>
    <![CDATA[f]]>
  </system-out>
  <testcase classname="testngflag.InvocationCountFlag" name="f" time="0.000"/>
  <system-out>
    <![CDATA[f]]>
  </system-out>
  <testcase classname="testngflag.InvocationCountFlag" name="f" time="0.001"/>
  <system-out>
    <![CDATA[f]]>
  </system-out>
  <testcase classname="testngflag.InvocationCountFlag" name="f" time="0.000"/>
  <system-out>
    <![CDATA[f]]>
  </system-out>
  <testcase classname="testngflag.InvocationCountFlag" name="f" time="0.001"/>
  <system-out>
    <![CDATA[f]]>
  </system-out>
  <testcase classname="testngflag.InvocationCountFlag" name="f" time="0.000"/>
  <system-out>
    <![CDATA[f]]>
  </system-out>
  <testcase classname="testngflag.InvocationCountFlag" name="f" time="0.002"/>
  <system-out>
    <![CDATA[f]]>
  </system-out>
  <testcase classname="testngflag.InvocationCountFlag" name="f" time="0.000"/>
  <system-out>
    <![CDATA[f]]>
  </system-out>
  <testcase classname="testngflag.InvocationCountFlag" name="f" time="0.000"/>
  <system-out>
    <![CDATA[f]]>
  </system-out>
  <testcase classname="testngflag.InvocationCountFlag" name="f" time="0.000"/>
  <system-out>
    <![CDATA[f]]>
  </system-out>
  <testcase classname="testngflag.InvocationCountFlag" name="f" time="0.001"/>
  <system-out>
    <![CDATA[f]]>
  </system-out>
  <testcase classname="testngflag.InvocationCountFlag" name="f" time="0.000"/>
  <system-out>
    <![CDATA[f]]>
  </system-out>
  <testcase classname="testngflag.InvocationCountFlag" name="f" time="0.000"/>
  <system-out>
    <![CDATA[f]]>
  </system-out>
  <testcase classname="testngflag.InvocationCountFlag" name="f" time="0.000"/>
  <system-out>
    <![CDATA[f]]>
  </system-out>
  <testcase classname="testngflag.InvocationCountFlag" name="f" time="0.001"/>
  <system-out>
    <![CDATA[f]]>
  </system-out>
  <testcase classname="testngflag.InvocationCountFlag" name="f" time="0.002"/>
  <system-out>
    <![CDATA[f]]>
  </system-out>
  <testcase classname="testngflag.InvocationCountFlag" name="f" time="0.002"/>
  <system-out>
    <![CDATA[f]]>
  </system-out>
  <testcase classname="testngflag.InvocationCountFlag" name="f" time="0.001"/>
  <system-out>
    <![CDATA[f]]>
  </system-out>
  <testcase classname="testngflag.InvocationCountFlag" name="f" time="0.000"/>
  <system-out>
    <![CDATA[f]]>
  </system-out>
  <testcase classname="testngflag.InvocationCountFlag" name="f" time="0.000"/>
  <system-out>
    <![CDATA[f]]>
  </system-out>
  <testcase classname="testngflag.InvocationCountFlag" name="f" time="0.003"/>
  <system-out>
    <![CDATA[f]]>
  </system-out>
  <testcase classname="testngflag.InvocationCountFlag" name="f" time="0.000"/>
  <system-out>
    <![CDATA[f]]>
  </system-out>
  <testcase classname="testngflag.InvocationCountFlag" name="f" time="0.001"/>
  <system-out>
    <![CDATA[f]]>
  </system-out>
  <testcase classname="testngflag.InvocationCountFlag" name="f" time="0.002"/>
  <system-out>
    <![CDATA[f]]>
  </system-out>
  <testcase classname="testngflag.InvocationCountFlag" name="f" time="0.000"/>
  <system-out>
    <![CDATA[f]]>
  </system-out>
  <testcase classname="testngflag.InvocationCountFlag" name="f" time="0.000"/>
  <system-out>
    <![CDATA[f]]>
  </system-out>
  <testcase classname="testngflag.InvocationCountFlag" name="f" time="0.000"/>
  <system-out>
    <![CDATA[f]]>
  </system-out>
  <testcase classname="testngflag.InvocationCountFlag" name="f" time="0.000"/>
  <system-out>
    <![CDATA[f]]>
  </system-out>
  <testcase classname="testngflag.InvocationCountFlag" name="f" time="0.001"/>
  <system-out>
    <![CDATA[f]]>
  </system-out>
  <testcase classname="testngflag.InvocationCountFlag" name="f" time="0.000"/>
  <system-out>
    <![CDATA[f]]>
  </system-out>
  <testcase classname="testngflag.InvocationCountFlag" name="f" time="0.001"/>
  <system-out>
    <![CDATA[f]]>
  </system-out>
  <testcase classname="testngflag.InvocationCountFlag" name="f" time="0.000"/>
  <system-out>
    <![CDATA[f]]>
  </system-out>
  <testcase classname="testngflag.InvocationCountFlag" name="f" time="0.000"/>
  <system-out>
    <![CDATA[f]]>
  </system-out>
  <testcase classname="testngflag.InvocationCountFlag" name="f" time="0.000"/>
  <system-out>
    <![CDATA[f]]>
  </system-out>
  <testcase classname="testngflag.InvocationCountFlag" name="f" time="0.001"/>
  <system-out>
    <![CDATA[f]]>
  </system-out>
  <testcase classname="testngflag.InvocationCountFlag" name="f" time="0.000"/>
  <system-out>
    <![CDATA[f]]>
  </system-out>
  <testcase classname="testngflag.InvocationCountFlag" name="f" time="0.000"/>
  <system-out>
    <![CDATA[f]]>
  </system-out>
  <testcase classname="testngflag.InvocationCountFlag" name="f" time="0.000"/>
  <system-out>
    <![CDATA[f]]>
  </system-out>
  <testcase classname="testngflag.InvocationCountFlag" name="f" time="0.001"/>
  <system-out>
    <![CDATA[f]]>
  </system-out>
  <testcase classname="testngflag.InvocationCountFlag" name="f" time="0.000"/>
  <system-out>
    <![CDATA[f]]>
  </system-out>
  <testcase classname="testngflag.InvocationCountFlag" name="f" time="0.000"/>
  <system-out>
    <![CDATA[f]]>
  </system-out>
  <testcase classname="testngflag.InvocationCountFlag" name="f" time="0.000"/>
  <system-out>
    <![CDATA[f]]>
  </system-out>
  <testcase classname="testngflag.InvocationCountFlag" name="f" time="0.000"/>
  <system-out>
    <![CDATA[f]]>
  </system-out>
  <testcase classname="testngflag.InvocationCountFlag" name="f" time="0.001"/>
  <system-out>
    <![CDATA[f]]>
  </system-out>
  <testcase classname="testngflag.InvocationCountFlag" name="f" time="0.000"/>
  <system-out>
    <![CDATA[f]]>
  </system-out>
  <testcase classname="testngflag.InvocationCountFlag" name="f" time="0.001"/>
  <system-out>
    <![CDATA[f]]>
  </system-out>
  <testcase classname="testngflag.InvocationCountFlag" name="f" time="0.000"/>
  <system-out>
    <![CDATA[f]]>
  </system-out>
  <testcase classname="testngflag.InvocationCountFlag" name="f" time="0.000"/>
  <system-out>
    <![CDATA[f]]>
  </system-out>
  <testcase classname="testngflag.InvocationCountFlag" name="f" time="0.000"/>
  <system-out>
    <![CDATA[f]]>
  </system-out>
  <testcase classname="testngflag.InvocationCountFlag" name="f" time="0.000"/>
  <system-out>
    <![CDATA[f]]>
  </system-out>
  <testcase classname="testngflag.InvocationCountFlag" name="f" time="0.000"/>
  <system-out>
    <![CDATA[f]]>
  </system-out>
  <testcase classname="testngflag.InvocationCountFlag" name="f" time="0.001"/>
  <system-out>
    <![CDATA[f]]>
  </system-out>
  <testcase classname="testngflag.InvocationCountFlag" name="f" time="0.000"/>
  <system-out>
    <![CDATA[f]]>
  </system-out>
  <testcase classname="testngflag.InvocationCountFlag" name="f" time="0.000"/>
  <system-out>
    <![CDATA[f]]>
  </system-out>
  <testcase classname="testngflag.InvocationCountFlag" name="f" time="0.000"/>
  <system-out>
    <![CDATA[f]]>
  </system-out>
  <testcase classname="testngflag.InvocationCountFlag" name="f" time="0.000"/>
  <system-out>
    <![CDATA[f]]>
  </system-out>
  <testcase classname="testngflag.InvocationCountFlag" name="f" time="0.000"/>
  <system-out>
    <![CDATA[f]]>
  </system-out>
  <testcase classname="testngflag.InvocationCountFlag" name="f" time="0.000"/>
  <system-out>
    <![CDATA[f]]>
  </system-out>
  <testcase classname="testngflag.InvocationCountFlag" name="f" time="0.002"/>
  <system-out>
    <![CDATA[f]]>
  </system-out>
  <testcase classname="testngflag.InvocationCountFlag" name="f" time="0.000"/>
  <system-out>
    <![CDATA[f]]>
  </system-out>
  <testcase classname="testngflag.InvocationCountFlag" name="f" time="0.000"/>
  <system-out>
    <![CDATA[f]]>
  </system-out>
  <testcase classname="testngflag.InvocationCountFlag" name="f" time="0.000"/>
  <system-out>
    <![CDATA[f]]>
  </system-out>
  <testcase classname="testngflag.InvocationCountFlag" name="f" time="0.000"/>
  <system-out>
    <![CDATA[f]]>
  </system-out>
  <testcase classname="testngflag.InvocationCountFlag" name="f" time="0.000"/>
  <system-out>
    <![CDATA[f]]>
  </system-out>
  <testcase classname="testngflag.InvocationCountFlag" name="f" time="0.001"/>
  <system-out>
    <![CDATA[f]]>
  </system-out>
  <testcase classname="testngflag.InvocationCountFlag" name="f" time="0.000"/>
  <system-out>
    <![CDATA[f]]>
  </system-out>
  <testcase classname="testngflag.InvocationCountFlag" name="f" time="0.014"/>
  <system-out>
    <![CDATA[f]]>
  </system-out>
  <testcase classname="testngflag.InvocationCountFlag" name="f" time="0.001"/>
  <system-out>
    <![CDATA[f]]>
  </system-out>
  <testcase classname="testngflag.InvocationCountFlag" name="f" time="0.000"/>
  <system-out>
    <![CDATA[f]]>
  </system-out>
  <testcase classname="testngflag.InvocationCountFlag" name="f" time="0.001"/>
  <system-out>
    <![CDATA[f]]>
  </system-out>
  <testcase classname="testngflag.InvocationCountFlag" name="f" time="0.000"/>
  <system-out>
    <![CDATA[f]]>
  </system-out>
  <testcase classname="testngflag.InvocationCountFlag" name="f" time="0.000"/>
  <system-out>
    <![CDATA[f]]>
  </system-out>
  <testcase classname="testngflag.InvocationCountFlag" name="f" time="0.000"/>
  <system-out>
    <![CDATA[f]]>
  </system-out>
  <testcase classname="testngflag.InvocationCountFlag" name="f" time="0.000"/>
  <system-out>
    <![CDATA[f]]>
  </system-out>
</testsuite> <!-- testngflag.InvocationCountFlag -->
